<?xml version="1.0" encoding="UTF-8"?>
<testsuites name="BankLogin" time="131.165" tests="8" failures="0" errors="0">
   <testsuite name="BankLogin" tests="8" failures="0" errors="0" time="131.165" skipped="0" timestamp="2023-11-27 19:09:32" hostname="Praveen Reddy - LAPTOP-FO4697CL" id="Test Suites/BankLogin">
      <properties>
         <property name="deviceName" value=""/>
         <property name="devicePlatform" value=""/>
         <property name="logFolder" value="C:\\Users\\phlv5\\Katalon Studio\\PHPTravel\\Reports\\20231127_190920\\BankLogin\\20231127_190920"/>
         <property name="logFiles" value="C:\\Users\\phlv5\\Katalon Studio\\PHPTravel\\Reports\\20231127_190920\\BankLogin\\20231127_190920\\execution0.log"/>
         <property name="attachments" value=""/>
         <property name="hostName" value="Praveen Reddy - LAPTOP-FO4697CL"/>
         <property name="os" value="Windows 11 64bit"/>
         <property name="katalonVersion" value="8.6.8.208"/>
         <property name="browser" value="Chrome 119.0.0.0"/>
         <property name="hostAddress" value="192.168.108.65"/>
         <property name="sessionId" value="9fa7e6588e40ed92db5ad6fde5f4b835"/>
         <property name="seleniumVersion" value="3.141.59"/>
         <property name="proxyInformation" value="ProxyInformation { proxyOption=NO_PROXY, proxyServerType=HTTP, username=, password=********, proxyServerAddress=, proxyServerPort=0, executionList=&quot;&quot;, isApplyToDesiredCapabilities=true }"/>
         <property name="platform" value="Windows 11"/>
      </properties>
      <testcase name="Test Cases/CustomerAlbusLogin" time="34.354" classname="Test Cases/CustomerAlbusLogin" status="PASSED">
         <system-out><![CDATA[2023-11-27 19:09:33 - [TEST_CASE][PASSED] - Test Cases/CustomerAlbusLogin: Test Cases/CustomerAlbusLogin

2023-11-27 19:09:33 - [TEST_STEP][PASSED] - openBrowser(""): Browser is opened with url: ''

2023-11-27 19:09:33 - [MESSAGE][INFO] - Starting 'Chrome' driver

2023-11-27 19:09:33 - [MESSAGE][INFO] - Action delay is set to 0 milliseconds

2023-11-27 19:09:36 - [MESSAGE][PASSED] - Browser is opened with url: ''

2023-11-27 19:09:36 - [TEST_STEP][PASSED] - navigateToUrl("https://www.globalsqa.com/angularJs-protractor/BankingProject/#/login"): Navigate to 'https://www.globalsqa.com/angularJs-protractor/BankingProject/#/login' successfully

2023-11-27 19:09:40 - [MESSAGE][PASSED] - Navigate to 'https://www.globalsqa.com/angularJs-protractor/BankingProject/#/login' successfully

2023-11-27 19:09:40 - [TEST_STEP][PASSED] - maximizeWindow(): Current window maximized

2023-11-27 19:09:40 - [MESSAGE][PASSED] - Current window maximized

2023-11-27 19:09:40 - [TEST_STEP][PASSED] - click(findTestObject("Object Repository/CustomerAlbusLogin/Page_XYZ Bank/button_Customer Login")): Object: 'Object Repository/CustomerAlbusLogin/Page_XYZ Bank/button_Customer Login' is clicked on

2023-11-27 19:09:55 - [MESSAGE][PASSED] - Object: 'Object Repository/CustomerAlbusLogin/Page_XYZ Bank/button_Customer Login' is clicked on

2023-11-27 19:09:55 - [TEST_STEP][PASSED] - selectOptionByValue(findTestObject("Object Repository/CustomerAlbusLogin/Page_XYZ Bank/select_---Your Name---       Hermoine Grang_6e895b"), "4", true): All options with value '4' are selected in object 'Object Repository/CustomerAlbusLogin/Page_XYZ Bank/select_---Your Name---       Hermoine Grang_6e895b'  using regular expression

2023-11-27 19:09:58 - [MESSAGE][PASSED] - All options with value '4' are selected in object 'Object Repository/CustomerAlbusLogin/Page_XYZ Bank/select_---Your Name---       Hermoine Grang_6e895b'  using regular expression

2023-11-27 19:09:58 - [TEST_STEP][PASSED] - click(findTestObject("Object Repository/CustomerAlbusLogin/Page_XYZ Bank/button_Login")): Object: 'Object Repository/CustomerAlbusLogin/Page_XYZ Bank/button_Login' is clicked on

2023-11-27 19:09:58 - [MESSAGE][PASSED] - Object: 'Object Repository/CustomerAlbusLogin/Page_XYZ Bank/button_Login' is clicked on

2023-11-27 19:09:58 - [TEST_STEP][PASSED] - selectOptionByValue(findTestObject("Object Repository/CustomerAlbusLogin/Page_XYZ Bank/select_101010111012"), "number:1012", true): All options with value 'number:1012' are selected in object 'Object Repository/CustomerAlbusLogin/Page_XYZ Bank/select_101010111012'  using regular expression

2023-11-27 19:10:01 - [MESSAGE][PASSED] - All options with value 'number:1012' are selected in object 'Object Repository/CustomerAlbusLogin/Page_XYZ Bank/select_101010111012'  using regular expression

2023-11-27 19:10:01 - [TEST_STEP][PASSED] - click(findTestObject("Object Repository/CustomerAlbusLogin/Page_XYZ Bank/button_Deposit")): Object: 'Object Repository/CustomerAlbusLogin/Page_XYZ Bank/button_Deposit' is clicked on

2023-11-27 19:10:01 - [MESSAGE][PASSED] - Object: 'Object Repository/CustomerAlbusLogin/Page_XYZ Bank/button_Deposit' is clicked on

2023-11-27 19:10:01 - [TEST_STEP][PASSED] - setText(findTestObject("Object Repository/CustomerAlbusLogin/Page_XYZ Bank/input_Amount to be Deposited_form-control n_97f4dd"), "100"): Text '100' is set on object 'Object Repository/CustomerAlbusLogin/Page_XYZ Bank/input_Amount to be Deposited_form-control n_97f4dd'

2023-11-27 19:10:05 - [MESSAGE][PASSED] - Text '100' is set on object 'Object Repository/CustomerAlbusLogin/Page_XYZ Bank/input_Amount to be Deposited_form-control n_97f4dd'

2023-11-27 19:10:05 - [TEST_STEP][PASSED] - click(findTestObject("Object Repository/CustomerAlbusLogin/Page_XYZ Bank/button_Deposit_1")): Object: 'Object Repository/CustomerAlbusLogin/Page_XYZ Bank/button_Deposit_1' is clicked on

2023-11-27 19:10:05 - [MESSAGE][PASSED] - Object: 'Object Repository/CustomerAlbusLogin/Page_XYZ Bank/button_Deposit_1' is clicked on

2023-11-27 19:10:05 - [TEST_STEP][PASSED] - click(findTestObject("Object Repository/CustomerAlbusLogin/Page_XYZ Bank/button_Home")): Object: 'Object Repository/CustomerAlbusLogin/Page_XYZ Bank/button_Home' is clicked on

2023-11-27 19:10:06 - [MESSAGE][PASSED] - Object: 'Object Repository/CustomerAlbusLogin/Page_XYZ Bank/button_Home' is clicked on

2023-11-27 19:10:06 - [TEST_STEP][PASSED] - closeBrowser(): Browser is closed

2023-11-27 19:10:07 - [MESSAGE][PASSED] - Browser is closed]]></system-out>
         <system-err><![CDATA[]]></system-err>
      </testcase>
      <testcase name="Test Cases/CustomerHarryLogin" time="13.231" classname="Test Cases/CustomerHarryLogin" status="PASSED">
         <system-out><![CDATA[2023-11-27 19:10:07 - [TEST_CASE][PASSED] - Test Cases/CustomerHarryLogin: Test Cases/CustomerHarryLogin

2023-11-27 19:10:08 - [TEST_STEP][PASSED] - openBrowser(""): Browser is opened with url: ''

2023-11-27 19:10:08 - [MESSAGE][INFO] - Starting 'Chrome' driver

2023-11-27 19:10:08 - [MESSAGE][INFO] - Action delay is set to 0 milliseconds

2023-11-27 19:10:09 - [MESSAGE][PASSED] - Browser is opened with url: ''

2023-11-27 19:10:09 - [TEST_STEP][PASSED] - navigateToUrl("https://www.globalsqa.com/angularJs-protractor/BankingProject/#/login"): Navigate to 'https://www.globalsqa.com/angularJs-protractor/BankingProject/#/login' successfully

2023-11-27 19:10:11 - [MESSAGE][PASSED] - Navigate to 'https://www.globalsqa.com/angularJs-protractor/BankingProject/#/login' successfully

2023-11-27 19:10:11 - [TEST_STEP][PASSED] - maximizeWindow(): Current window maximized

2023-11-27 19:10:11 - [MESSAGE][PASSED] - Current window maximized

2023-11-27 19:10:11 - [TEST_STEP][PASSED] - click(findTestObject("Object Repository/CutomerLoginHarry/Page_XYZ Bank/button_Customer Login")): Object: 'Object Repository/CutomerLoginHarry/Page_XYZ Bank/button_Customer Login' is clicked on

2023-11-27 19:10:13 - [MESSAGE][PASSED] - Object: 'Object Repository/CutomerLoginHarry/Page_XYZ Bank/button_Customer Login' is clicked on

2023-11-27 19:10:13 - [TEST_STEP][PASSED] - selectOptionByValue(findTestObject("Object Repository/CutomerLoginHarry/Page_XYZ Bank/select_---Your Name---       Hermoine Grang_6e895b"), "2", true): All options with value '2' are selected in object 'Object Repository/CutomerLoginHarry/Page_XYZ Bank/select_---Your Name---       Hermoine Grang_6e895b'  using regular expression

2023-11-27 19:10:14 - [MESSAGE][PASSED] - All options with value '2' are selected in object 'Object Repository/CutomerLoginHarry/Page_XYZ Bank/select_---Your Name---       Hermoine Grang_6e895b'  using regular expression

2023-11-27 19:10:14 - [TEST_STEP][PASSED] - click(findTestObject("Object Repository/CutomerLoginHarry/Page_XYZ Bank/button_Login")): Object: 'Object Repository/CutomerLoginHarry/Page_XYZ Bank/button_Login' is clicked on

2023-11-27 19:10:15 - [MESSAGE][PASSED] - Object: 'Object Repository/CutomerLoginHarry/Page_XYZ Bank/button_Login' is clicked on

2023-11-27 19:10:15 - [TEST_STEP][PASSED] - selectOptionByValue(findTestObject("Object Repository/CutomerLoginHarry/Page_XYZ Bank/select_100410051006"), "number:1005", true): All options with value 'number:1005' are selected in object 'Object Repository/CutomerLoginHarry/Page_XYZ Bank/select_100410051006'  using regular expression

2023-11-27 19:10:17 - [MESSAGE][PASSED] - All options with value 'number:1005' are selected in object 'Object Repository/CutomerLoginHarry/Page_XYZ Bank/select_100410051006'  using regular expression

2023-11-27 19:10:17 - [TEST_STEP][PASSED] - click(findTestObject("Object Repository/CutomerLoginHarry/Page_XYZ Bank/button_Deposit")): Object: 'Object Repository/CutomerLoginHarry/Page_XYZ Bank/button_Deposit' is clicked on

2023-11-27 19:10:17 - [MESSAGE][PASSED] - Object: 'Object Repository/CutomerLoginHarry/Page_XYZ Bank/button_Deposit' is clicked on

2023-11-27 19:10:17 - [TEST_STEP][PASSED] - setText(findTestObject("Object Repository/CutomerLoginHarry/Page_XYZ Bank/input_Amount to be Deposited_form-control n_97f4dd"), "1500"): Text '1500' is set on object 'Object Repository/CutomerLoginHarry/Page_XYZ Bank/input_Amount to be Deposited_form-control n_97f4dd'

2023-11-27 19:10:18 - [MESSAGE][PASSED] - Text '1500' is set on object 'Object Repository/CutomerLoginHarry/Page_XYZ Bank/input_Amount to be Deposited_form-control n_97f4dd'

2023-11-27 19:10:18 - [TEST_STEP][PASSED] - click(findTestObject("Object Repository/CutomerLoginHarry/Page_XYZ Bank/button_Deposit_1")): Object: 'Object Repository/CutomerLoginHarry/Page_XYZ Bank/button_Deposit_1' is clicked on

2023-11-27 19:10:19 - [MESSAGE][PASSED] - Object: 'Object Repository/CutomerLoginHarry/Page_XYZ Bank/button_Deposit_1' is clicked on

2023-11-27 19:10:19 - [TEST_STEP][PASSED] - click(findTestObject("Object Repository/CutomerLoginHarry/Page_XYZ Bank/button_Logout")): Object: 'Object Repository/CutomerLoginHarry/Page_XYZ Bank/button_Logout' is clicked on

2023-11-27 19:10:19 - [MESSAGE][PASSED] - Object: 'Object Repository/CutomerLoginHarry/Page_XYZ Bank/button_Logout' is clicked on

2023-11-27 19:10:19 - [TEST_STEP][PASSED] - closeBrowser(): Browser is closed

2023-11-27 19:10:20 - [MESSAGE][PASSED] - Browser is closed]]></system-out>
         <system-err><![CDATA[]]></system-err>
      </testcase>
      <testcase name="Test Cases/CustomerNevilleLogin" time="17.784" classname="Test Cases/CustomerNevilleLogin" status="PASSED">
         <system-out><![CDATA[2023-11-27 19:10:20 - [TEST_CASE][PASSED] - Test Cases/CustomerNevilleLogin: Test Cases/CustomerNevilleLogin

2023-11-27 19:10:20 - [TEST_STEP][PASSED] - openBrowser(""): Browser is opened with url: ''

2023-11-27 19:10:20 - [MESSAGE][INFO] - Starting 'Chrome' driver

2023-11-27 19:10:20 - [MESSAGE][INFO] - Action delay is set to 0 milliseconds

2023-11-27 19:10:22 - [MESSAGE][PASSED] - Browser is opened with url: ''

2023-11-27 19:10:22 - [TEST_STEP][PASSED] - navigateToUrl("https://www.globalsqa.com/angularJs-protractor/BankingProject/#/login"): Navigate to 'https://www.globalsqa.com/angularJs-protractor/BankingProject/#/login' successfully

2023-11-27 19:10:26 - [MESSAGE][PASSED] - Navigate to 'https://www.globalsqa.com/angularJs-protractor/BankingProject/#/login' successfully

2023-11-27 19:10:26 - [TEST_STEP][PASSED] - maximizeWindow(): Current window maximized

2023-11-27 19:10:26 - [MESSAGE][PASSED] - Current window maximized

2023-11-27 19:10:26 - [TEST_STEP][PASSED] - click(findTestObject("Object Repository/CustomerNevilleLogin/Page_XYZ Bank/button_Customer Login")): Object: 'Object Repository/CustomerNevilleLogin/Page_XYZ Bank/button_Customer Login' is clicked on

2023-11-27 19:10:28 - [MESSAGE][PASSED] - Object: 'Object Repository/CustomerNevilleLogin/Page_XYZ Bank/button_Customer Login' is clicked on

2023-11-27 19:10:28 - [TEST_STEP][PASSED] - selectOptionByValue(findTestObject("Object Repository/CustomerNevilleLogin/Page_XYZ Bank/select_---Your Name---       Hermoine Grang_6e895b"), "5", true): All options with value '5' are selected in object 'Object Repository/CustomerNevilleLogin/Page_XYZ Bank/select_---Your Name---       Hermoine Grang_6e895b'  using regular expression

2023-11-27 19:10:31 - [MESSAGE][PASSED] - All options with value '5' are selected in object 'Object Repository/CustomerNevilleLogin/Page_XYZ Bank/select_---Your Name---       Hermoine Grang_6e895b'  using regular expression

2023-11-27 19:10:31 - [TEST_STEP][PASSED] - click(findTestObject("Object Repository/CustomerNevilleLogin/Page_XYZ Bank/button_Login")): Object: 'Object Repository/CustomerNevilleLogin/Page_XYZ Bank/button_Login' is clicked on

2023-11-27 19:10:31 - [MESSAGE][PASSED] - Object: 'Object Repository/CustomerNevilleLogin/Page_XYZ Bank/button_Login' is clicked on

2023-11-27 19:10:31 - [TEST_STEP][PASSED] - selectOptionByValue(findTestObject("Object Repository/CustomerNevilleLogin/Page_XYZ Bank/select_101310141015"), "number:1014", true): All options with value 'number:1014' are selected in object 'Object Repository/CustomerNevilleLogin/Page_XYZ Bank/select_101310141015'  using regular expression

2023-11-27 19:10:33 - [MESSAGE][PASSED] - All options with value 'number:1014' are selected in object 'Object Repository/CustomerNevilleLogin/Page_XYZ Bank/select_101310141015'  using regular expression

2023-11-27 19:10:33 - [TEST_STEP][PASSED] - selectOptionByValue(findTestObject("Object Repository/CustomerNevilleLogin/Page_XYZ Bank/select_101310141015"), "number:1015", true): All options with value 'number:1015' are selected in object 'Object Repository/CustomerNevilleLogin/Page_XYZ Bank/select_101310141015'  using regular expression

2023-11-27 19:10:34 - [MESSAGE][PASSED] - All options with value 'number:1015' are selected in object 'Object Repository/CustomerNevilleLogin/Page_XYZ Bank/select_101310141015'  using regular expression

2023-11-27 19:10:34 - [TEST_STEP][PASSED] - click(findTestObject("Object Repository/CustomerNevilleLogin/Page_XYZ Bank/button_Transactions")): Object: 'Object Repository/CustomerNevilleLogin/Page_XYZ Bank/button_Transactions' is clicked on

2023-11-27 19:10:35 - [MESSAGE][PASSED] - Object: 'Object Repository/CustomerNevilleLogin/Page_XYZ Bank/button_Transactions' is clicked on

2023-11-27 19:10:35 - [TEST_STEP][PASSED] - click(findTestObject("Object Repository/CustomerNevilleLogin/Page_XYZ Bank/button_Logout")): Object: 'Object Repository/CustomerNevilleLogin/Page_XYZ Bank/button_Logout' is clicked on

2023-11-27 19:10:36 - [MESSAGE][PASSED] - Object: 'Object Repository/CustomerNevilleLogin/Page_XYZ Bank/button_Logout' is clicked on

2023-11-27 19:10:36 - [TEST_STEP][PASSED] - click(findTestObject("Object Repository/CustomerNevilleLogin/Page_XYZ Bank/button_Home")): Object: 'Object Repository/CustomerNevilleLogin/Page_XYZ Bank/button_Home' is clicked on

2023-11-27 19:10:37 - [MESSAGE][PASSED] - Object: 'Object Repository/CustomerNevilleLogin/Page_XYZ Bank/button_Home' is clicked on

2023-11-27 19:10:37 - [TEST_STEP][PASSED] - closeBrowser(): Browser is closed

2023-11-27 19:10:38 - [MESSAGE][PASSED] - Browser is closed]]></system-out>
         <system-err><![CDATA[]]></system-err>
      </testcase>
      <testcase name="Test Cases/CustomerRonLogin" time="17.671" classname="Test Cases/CustomerRonLogin" status="PASSED">
         <system-out><![CDATA[2023-11-27 19:10:38 - [TEST_CASE][PASSED] - Test Cases/CustomerRonLogin: Test Cases/CustomerRonLogin

2023-11-27 19:10:39 - [TEST_STEP][PASSED] - openBrowser(""): Browser is opened with url: ''

2023-11-27 19:10:39 - [MESSAGE][INFO] - Starting 'Chrome' driver

2023-11-27 19:10:39 - [MESSAGE][INFO] - Action delay is set to 0 milliseconds

2023-11-27 19:10:40 - [MESSAGE][PASSED] - Browser is opened with url: ''

2023-11-27 19:10:40 - [TEST_STEP][PASSED] - navigateToUrl("https://www.globalsqa.com/angularJs-protractor/BankingProject/#/login"): Navigate to 'https://www.globalsqa.com/angularJs-protractor/BankingProject/#/login' successfully

2023-11-27 19:10:43 - [MESSAGE][PASSED] - Navigate to 'https://www.globalsqa.com/angularJs-protractor/BankingProject/#/login' successfully

2023-11-27 19:10:43 - [TEST_STEP][PASSED] - maximizeWindow(): Current window maximized

2023-11-27 19:10:43 - [MESSAGE][PASSED] - Current window maximized

2023-11-27 19:10:43 - [TEST_STEP][PASSED] - click(findTestObject("Object Repository/CustomerRonLogin/Page_XYZ Bank/button_Customer Login")): Object: 'Object Repository/CustomerRonLogin/Page_XYZ Bank/button_Customer Login' is clicked on

2023-11-27 19:10:44 - [MESSAGE][PASSED] - Object: 'Object Repository/CustomerRonLogin/Page_XYZ Bank/button_Customer Login' is clicked on

2023-11-27 19:10:44 - [TEST_STEP][PASSED] - selectOptionByValue(findTestObject("Object Repository/CustomerRonLogin/Page_XYZ Bank/select_---Your Name---       Hermoine Grang_6e895b"), "3", true): All options with value '3' are selected in object 'Object Repository/CustomerRonLogin/Page_XYZ Bank/select_---Your Name---       Hermoine Grang_6e895b'  using regular expression

2023-11-27 19:10:47 - [MESSAGE][PASSED] - All options with value '3' are selected in object 'Object Repository/CustomerRonLogin/Page_XYZ Bank/select_---Your Name---       Hermoine Grang_6e895b'  using regular expression

2023-11-27 19:10:47 - [TEST_STEP][PASSED] - click(findTestObject("Object Repository/CustomerRonLogin/Page_XYZ Bank/button_Login")): Object: 'Object Repository/CustomerRonLogin/Page_XYZ Bank/button_Login' is clicked on

2023-11-27 19:10:47 - [MESSAGE][PASSED] - Object: 'Object Repository/CustomerRonLogin/Page_XYZ Bank/button_Login' is clicked on

2023-11-27 19:10:47 - [TEST_STEP][PASSED] - click(findTestObject("Object Repository/CustomerRonLogin/Page_XYZ Bank/button_Withdrawl")): Object: 'Object Repository/CustomerRonLogin/Page_XYZ Bank/button_Withdrawl' is clicked on

2023-11-27 19:10:48 - [MESSAGE][PASSED] - Object: 'Object Repository/CustomerRonLogin/Page_XYZ Bank/button_Withdrawl' is clicked on

2023-11-27 19:10:48 - [TEST_STEP][PASSED] - setText(findTestObject("Object Repository/CustomerRonLogin/Page_XYZ Bank/input_Amount to be Withdrawn_form-control n_bccfe0"), "1000"): Text '1000' is set on object 'Object Repository/CustomerRonLogin/Page_XYZ Bank/input_Amount to be Withdrawn_form-control n_bccfe0'

2023-11-27 19:10:50 - [MESSAGE][PASSED] - Text '1000' is set on object 'Object Repository/CustomerRonLogin/Page_XYZ Bank/input_Amount to be Withdrawn_form-control n_bccfe0'

2023-11-27 19:10:50 - [TEST_STEP][PASSED] - click(findTestObject("Object Repository/CustomerRonLogin/Page_XYZ Bank/button_Withdraw")): Object: 'Object Repository/CustomerRonLogin/Page_XYZ Bank/button_Withdraw' is clicked on

2023-11-27 19:10:51 - [MESSAGE][PASSED] - Object: 'Object Repository/CustomerRonLogin/Page_XYZ Bank/button_Withdraw' is clicked on

2023-11-27 19:10:51 - [TEST_STEP][PASSED] - click(findTestObject("Object Repository/CustomerRonLogin/Page_XYZ Bank/span_Transaction Failed. You can not withdr_4b9636")): Object: 'Object Repository/CustomerRonLogin/Page_XYZ Bank/span_Transaction Failed. You can not withdr_4b9636' is clicked on

2023-11-27 19:10:51 - [MESSAGE][PASSED] - Object: 'Object Repository/CustomerRonLogin/Page_XYZ Bank/span_Transaction Failed. You can not withdr_4b9636' is clicked on

2023-11-27 19:10:51 - [TEST_STEP][PASSED] - selectOptionByValue(findTestObject("Object Repository/CustomerRonLogin/Page_XYZ Bank/select_100710081009"), "number:1008", true): All options with value 'number:1008' are selected in object 'Object Repository/CustomerRonLogin/Page_XYZ Bank/select_100710081009'  using regular expression

2023-11-27 19:10:53 - [MESSAGE][PASSED] - All options with value 'number:1008' are selected in object 'Object Repository/CustomerRonLogin/Page_XYZ Bank/select_100710081009'  using regular expression

2023-11-27 19:10:53 - [TEST_STEP][PASSED] - click(findTestObject("Object Repository/CustomerRonLogin/Page_XYZ Bank/button_Transactions")): Object: 'Object Repository/CustomerRonLogin/Page_XYZ Bank/button_Transactions' is clicked on

2023-11-27 19:10:53 - [MESSAGE][PASSED] - Object: 'Object Repository/CustomerRonLogin/Page_XYZ Bank/button_Transactions' is clicked on

2023-11-27 19:10:53 - [TEST_STEP][PASSED] - click(findTestObject("Object Repository/CustomerRonLogin/Page_XYZ Bank/button_Back")): Object: 'Object Repository/CustomerRonLogin/Page_XYZ Bank/button_Back' is clicked on

2023-11-27 19:10:54 - [MESSAGE][PASSED] - Object: 'Object Repository/CustomerRonLogin/Page_XYZ Bank/button_Back' is clicked on

2023-11-27 19:10:54 - [TEST_STEP][PASSED] - click(findTestObject("Object Repository/CustomerRonLogin/Page_XYZ Bank/button_Home")): Object: 'Object Repository/CustomerRonLogin/Page_XYZ Bank/button_Home' is clicked on

2023-11-27 19:10:55 - [MESSAGE][PASSED] - Object: 'Object Repository/CustomerRonLogin/Page_XYZ Bank/button_Home' is clicked on

2023-11-27 19:10:55 - [TEST_STEP][PASSED] - closeBrowser(): Browser is closed

2023-11-27 19:10:56 - [MESSAGE][PASSED] - Browser is closed]]></system-out>
         <system-err><![CDATA[]]></system-err>
      </testcase>
      <testcase name="Test Cases/CustomerSearchManager" time="11.536" classname="Test Cases/CustomerSearchManager" status="PASSED">
         <system-out><![CDATA[2023-11-27 19:10:56 - [TEST_CASE][PASSED] - Test Cases/CustomerSearchManager: Test Cases/CustomerSearchManager

2023-11-27 19:10:56 - [TEST_STEP][PASSED] - openBrowser(""): Browser is opened with url: ''

2023-11-27 19:10:56 - [MESSAGE][INFO] - Starting 'Chrome' driver

2023-11-27 19:10:56 - [MESSAGE][INFO] - Action delay is set to 0 milliseconds

2023-11-27 19:10:58 - [MESSAGE][PASSED] - Browser is opened with url: ''

2023-11-27 19:10:58 - [TEST_STEP][PASSED] - navigateToUrl("https://www.globalsqa.com/angularJs-protractor/BankingProject/#/login"): Navigate to 'https://www.globalsqa.com/angularJs-protractor/BankingProject/#/login' successfully

2023-11-27 19:11:00 - [MESSAGE][PASSED] - Navigate to 'https://www.globalsqa.com/angularJs-protractor/BankingProject/#/login' successfully

2023-11-27 19:11:00 - [TEST_STEP][PASSED] - maximizeWindow(): Current window maximized

2023-11-27 19:11:00 - [MESSAGE][PASSED] - Current window maximized

2023-11-27 19:11:00 - [TEST_STEP][PASSED] - click(findTestObject("Object Repository/CustomerSearchManager/Page_XYZ Bank/button_Bank Manager Login")): Object: 'Object Repository/CustomerSearchManager/Page_XYZ Bank/button_Bank Manager Login' is clicked on

2023-11-27 19:11:01 - [MESSAGE][PASSED] - Object: 'Object Repository/CustomerSearchManager/Page_XYZ Bank/button_Bank Manager Login' is clicked on

2023-11-27 19:11:01 - [TEST_STEP][PASSED] - click(findTestObject("Object Repository/CustomerSearchManager/Page_XYZ Bank/button_Customers")): Object: 'Object Repository/CustomerSearchManager/Page_XYZ Bank/button_Customers' is clicked on

2023-11-27 19:11:02 - [MESSAGE][PASSED] - Object: 'Object Repository/CustomerSearchManager/Page_XYZ Bank/button_Customers' is clicked on

2023-11-27 19:11:02 - [TEST_STEP][PASSED] - setText(findTestObject("Object Repository/CustomerSearchManager/Page_XYZ Bank/input_Customers_form-control ng-pristine ng_ffe1ed"), "Test"): Text 'Test' is set on object 'Object Repository/CustomerSearchManager/Page_XYZ Bank/input_Customers_form-control ng-pristine ng_ffe1ed'

2023-11-27 19:11:03 - [MESSAGE][PASSED] - Text 'Test' is set on object 'Object Repository/CustomerSearchManager/Page_XYZ Bank/input_Customers_form-control ng-pristine ng_ffe1ed'

2023-11-27 19:11:03 - [TEST_STEP][PASSED] - click(findTestObject("Object Repository/CustomerSearchManager/Page_XYZ Bank/input_Customers_form-control ng-pristine ng_ffe1ed")): Object: 'Object Repository/CustomerSearchManager/Page_XYZ Bank/input_Customers_form-control ng-pristine ng_ffe1ed' is clicked on

2023-11-27 19:11:04 - [MESSAGE][PASSED] - Object: 'Object Repository/CustomerSearchManager/Page_XYZ Bank/input_Customers_form-control ng-pristine ng_ffe1ed' is clicked on

2023-11-27 19:11:04 - [TEST_STEP][PASSED] - clearText(findTestObject("Object Repository/CustomerSearchManager/Page_XYZ Bank/input_Customers_form-control ng-pristine ng_ffe1ed")): Text of object 'Object Repository/CustomerSearchManager/Page_XYZ Bank/input_Customers_form-control ng-pristine ng_ffe1ed' is cleared

2023-11-27 19:11:04 - [MESSAGE][PASSED] - Text of object 'Object Repository/CustomerSearchManager/Page_XYZ Bank/input_Customers_form-control ng-pristine ng_ffe1ed' is cleared

2023-11-27 19:11:04 - [TEST_STEP][PASSED] - click(findTestObject("Object Repository/CustomerSearchManager/Page_XYZ Bank/div_Customers_input-group-addon")): Object: 'Object Repository/CustomerSearchManager/Page_XYZ Bank/div_Customers_input-group-addon' is clicked on

2023-11-27 19:11:05 - [MESSAGE][PASSED] - Object: 'Object Repository/CustomerSearchManager/Page_XYZ Bank/div_Customers_input-group-addon' is clicked on

2023-11-27 19:11:05 - [TEST_STEP][PASSED] - setText(findTestObject("Object Repository/CustomerSearchManager/Page_XYZ Bank/input_Customers_form-control ng-pristine ng_ffe1ed"), "Harry"): Text 'Harry' is set on object 'Object Repository/CustomerSearchManager/Page_XYZ Bank/input_Customers_form-control ng-pristine ng_ffe1ed'

2023-11-27 19:11:05 - [MESSAGE][PASSED] - Text 'Harry' is set on object 'Object Repository/CustomerSearchManager/Page_XYZ Bank/input_Customers_form-control ng-pristine ng_ffe1ed'

2023-11-27 19:11:05 - [TEST_STEP][PASSED] - sendKeys(findTestObject("Object Repository/CustomerSearchManager/Page_XYZ Bank/input_Customers_form-control ng-pristine ng_ffe1ed"), Keys.chord(ENTER)): Keys 'ENTER + ' sent to object: 'Object Repository/CustomerSearchManager/Page_XYZ Bank/input_Customers_form-control ng-pristine ng_ffe1ed'

2023-11-27 19:11:06 - [MESSAGE][PASSED] - Keys 'ENTER + ' sent to object: 'Object Repository/CustomerSearchManager/Page_XYZ Bank/input_Customers_form-control ng-pristine ng_ffe1ed'

2023-11-27 19:11:06 - [TEST_STEP][PASSED] - click(findTestObject("Object Repository/CustomerSearchManager/Page_XYZ Bank/button_Home")): Object: 'Object Repository/CustomerSearchManager/Page_XYZ Bank/button_Home' is clicked on

2023-11-27 19:11:06 - [MESSAGE][PASSED] - Object: 'Object Repository/CustomerSearchManager/Page_XYZ Bank/button_Home' is clicked on

2023-11-27 19:11:06 - [TEST_STEP][PASSED] - closeBrowser(): Browser is closed

2023-11-27 19:11:07 - [MESSAGE][PASSED] - Browser is closed]]></system-out>
         <system-err><![CDATA[]]></system-err>
      </testcase>
      <testcase name="Test Cases/GlobalsQACustomer" time="12.699" classname="Test Cases/GlobalsQACustomer" status="PASSED">
         <system-out><![CDATA[2023-11-27 19:11:07 - [TEST_CASE][PASSED] - Test Cases/GlobalsQACustomer: Test Cases/GlobalsQACustomer

2023-11-27 19:11:08 - [TEST_STEP][PASSED] - openBrowser(""): Browser is opened with url: ''

2023-11-27 19:11:08 - [MESSAGE][INFO] - Starting 'Chrome' driver

2023-11-27 19:11:08 - [MESSAGE][INFO] - Action delay is set to 0 milliseconds

2023-11-27 19:11:09 - [MESSAGE][PASSED] - Browser is opened with url: ''

2023-11-27 19:11:09 - [TEST_STEP][PASSED] - navigateToUrl("https://www.globalsqa.com/angularJs-protractor/BankingProject/#/login"): Navigate to 'https://www.globalsqa.com/angularJs-protractor/BankingProject/#/login' successfully

2023-11-27 19:11:11 - [MESSAGE][PASSED] - Navigate to 'https://www.globalsqa.com/angularJs-protractor/BankingProject/#/login' successfully

2023-11-27 19:11:11 - [TEST_STEP][PASSED] - maximizeWindow(): Current window maximized

2023-11-27 19:11:11 - [MESSAGE][PASSED] - Current window maximized

2023-11-27 19:11:11 - [TEST_STEP][PASSED] - click(findTestObject("Object Repository/HermaineCustomer/Page_XYZ Bank/button_Customer Login")): Object: 'Object Repository/HermaineCustomer/Page_XYZ Bank/button_Customer Login' is clicked on

2023-11-27 19:11:12 - [MESSAGE][PASSED] - Object: 'Object Repository/HermaineCustomer/Page_XYZ Bank/button_Customer Login' is clicked on

2023-11-27 19:11:12 - [TEST_STEP][PASSED] - selectOptionByValue(findTestObject("Object Repository/HermaineCustomer/Page_XYZ Bank/select_---Your Name---       Hermoine Grang_6e895b"), "1", true): All options with value '1' are selected in object 'Object Repository/HermaineCustomer/Page_XYZ Bank/select_---Your Name---       Hermoine Grang_6e895b'  using regular expression

2023-11-27 19:11:14 - [MESSAGE][PASSED] - All options with value '1' are selected in object 'Object Repository/HermaineCustomer/Page_XYZ Bank/select_---Your Name---       Hermoine Grang_6e895b'  using regular expression

2023-11-27 19:11:14 - [TEST_STEP][PASSED] - click(findTestObject("Object Repository/HermaineCustomer/Page_XYZ Bank/button_Login")): Object: 'Object Repository/HermaineCustomer/Page_XYZ Bank/button_Login' is clicked on

2023-11-27 19:11:15 - [MESSAGE][PASSED] - Object: 'Object Repository/HermaineCustomer/Page_XYZ Bank/button_Login' is clicked on

2023-11-27 19:11:15 - [TEST_STEP][PASSED] - selectOptionByValue(findTestObject("Object Repository/HermaineCustomer/Page_XYZ Bank/select_100110021003"), "number:1002", true): All options with value 'number:1002' are selected in object 'Object Repository/HermaineCustomer/Page_XYZ Bank/select_100110021003'  using regular expression

2023-11-27 19:11:17 - [MESSAGE][PASSED] - All options with value 'number:1002' are selected in object 'Object Repository/HermaineCustomer/Page_XYZ Bank/select_100110021003'  using regular expression

2023-11-27 19:11:17 - [TEST_STEP][PASSED] - click(findTestObject("Object Repository/HermaineCustomer/Page_XYZ Bank/button_Transactions")): Object: 'Object Repository/HermaineCustomer/Page_XYZ Bank/button_Transactions' is clicked on

2023-11-27 19:11:18 - [MESSAGE][PASSED] - Object: 'Object Repository/HermaineCustomer/Page_XYZ Bank/button_Transactions' is clicked on

2023-11-27 19:11:18 - [TEST_STEP][PASSED] - click(findTestObject("Object Repository/HermaineCustomer/Page_XYZ Bank/button_Home")): Object: 'Object Repository/HermaineCustomer/Page_XYZ Bank/button_Home' is clicked on

2023-11-27 19:11:19 - [MESSAGE][PASSED] - Object: 'Object Repository/HermaineCustomer/Page_XYZ Bank/button_Home' is clicked on

2023-11-27 19:11:19 - [TEST_STEP][PASSED] - closeBrowser(): Browser is closed

2023-11-27 19:11:20 - [MESSAGE][PASSED] - Browser is closed]]></system-out>
         <system-err><![CDATA[]]></system-err>
      </testcase>
      <testcase name="Test Cases/GlobalsManagerLogin" time="13.189" classname="Test Cases/GlobalsManagerLogin" status="PASSED">
         <system-out><![CDATA[2023-11-27 19:11:20 - [TEST_CASE][PASSED] - Test Cases/GlobalsManagerLogin: Test Cases/GlobalsManagerLogin

2023-11-27 19:11:21 - [TEST_STEP][PASSED] - openBrowser(""): Browser is opened with url: ''

2023-11-27 19:11:21 - [MESSAGE][INFO] - Starting 'Chrome' driver

2023-11-27 19:11:21 - [MESSAGE][INFO] - Action delay is set to 0 milliseconds

2023-11-27 19:11:22 - [MESSAGE][PASSED] - Browser is opened with url: ''

2023-11-27 19:11:22 - [TEST_STEP][PASSED] - navigateToUrl("https://www.globalsqa.com/angularJs-protractor/BankingProject/#/login"): Navigate to 'https://www.globalsqa.com/angularJs-protractor/BankingProject/#/login' successfully

2023-11-27 19:11:25 - [MESSAGE][PASSED] - Navigate to 'https://www.globalsqa.com/angularJs-protractor/BankingProject/#/login' successfully

2023-11-27 19:11:25 - [TEST_STEP][PASSED] - maximizeWindow(): Current window maximized

2023-11-27 19:11:25 - [MESSAGE][PASSED] - Current window maximized

2023-11-27 19:11:25 - [TEST_STEP][PASSED] - click(findTestObject("Object Repository/AddCustomerManager/Page_XYZ Bank/button_Bank Manager Login")): Object: 'Object Repository/AddCustomerManager/Page_XYZ Bank/button_Bank Manager Login' is clicked on

2023-11-27 19:11:27 - [MESSAGE][PASSED] - Object: 'Object Repository/AddCustomerManager/Page_XYZ Bank/button_Bank Manager Login' is clicked on

2023-11-27 19:11:27 - [TEST_STEP][PASSED] - click(findTestObject("Object Repository/AddCustomerManager/Page_XYZ Bank/button_Add Customer")): Object: 'Object Repository/AddCustomerManager/Page_XYZ Bank/button_Add Customer' is clicked on

2023-11-27 19:11:28 - [MESSAGE][PASSED] - Object: 'Object Repository/AddCustomerManager/Page_XYZ Bank/button_Add Customer' is clicked on

2023-11-27 19:11:28 - [TEST_STEP][PASSED] - setText(findTestObject("Object Repository/AddCustomerManager/Page_XYZ Bank/input_First Name_form-control ng-pristine n_693e51"), "Test"): Text 'Test' is set on object 'Object Repository/AddCustomerManager/Page_XYZ Bank/input_First Name_form-control ng-pristine n_693e51'

2023-11-27 19:11:30 - [MESSAGE][PASSED] - Text 'Test' is set on object 'Object Repository/AddCustomerManager/Page_XYZ Bank/input_First Name_form-control ng-pristine n_693e51'

2023-11-27 19:11:30 - [TEST_STEP][PASSED] - setText(findTestObject("Object Repository/AddCustomerManager/Page_XYZ Bank/input_Last Name_form-control ng-pristine ng_64913d"), "Test"): Text 'Test' is set on object 'Object Repository/AddCustomerManager/Page_XYZ Bank/input_Last Name_form-control ng-pristine ng_64913d'

2023-11-27 19:11:30 - [MESSAGE][PASSED] - Text 'Test' is set on object 'Object Repository/AddCustomerManager/Page_XYZ Bank/input_Last Name_form-control ng-pristine ng_64913d'

2023-11-27 19:11:30 - [TEST_STEP][PASSED] - click(findTestObject("Object Repository/AddCustomerManager/Page_XYZ Bank/button_Add Customer_1")): Object: 'Object Repository/AddCustomerManager/Page_XYZ Bank/button_Add Customer_1' is clicked on

2023-11-27 19:11:31 - [MESSAGE][PASSED] - Object: 'Object Repository/AddCustomerManager/Page_XYZ Bank/button_Add Customer_1' is clicked on

2023-11-27 19:11:31 - [TEST_STEP][PASSED] - setText(findTestObject("Object Repository/AddCustomerManager/Page_XYZ Bank/input_Post Code_form-control ng-pristine ng_b8fd27"), "515411"): Text '515411' is set on object 'Object Repository/AddCustomerManager/Page_XYZ Bank/input_Post Code_form-control ng-pristine ng_b8fd27'

2023-11-27 19:11:32 - [MESSAGE][PASSED] - Text '515411' is set on object 'Object Repository/AddCustomerManager/Page_XYZ Bank/input_Post Code_form-control ng-pristine ng_b8fd27'

2023-11-27 19:11:32 - [TEST_STEP][PASSED] - click(findTestObject("Object Repository/AddCustomerManager/Page_XYZ Bank/button_Add Customer_1")): Object: 'Object Repository/AddCustomerManager/Page_XYZ Bank/button_Add Customer_1' is clicked on

2023-11-27 19:11:32 - [MESSAGE][PASSED] - Object: 'Object Repository/AddCustomerManager/Page_XYZ Bank/button_Add Customer_1' is clicked on

2023-11-27 19:11:32 - [TEST_STEP][PASSED] - click(findTestObject("Object Repository/AddCustomerManager/Page_XYZ Bank/button_Home")): Object: 'Object Repository/AddCustomerManager/Page_XYZ Bank/button_Home' is clicked on

2023-11-27 19:11:32 - [MESSAGE][PASSED] - Object: 'Object Repository/AddCustomerManager/Page_XYZ Bank/button_Home' is clicked on

2023-11-27 19:11:32 - [TEST_STEP][PASSED] - closeBrowser(): Browser is closed

2023-11-27 19:11:33 - [MESSAGE][PASSED] - Browser is closed]]></system-out>
         <system-err><![CDATA[]]></system-err>
      </testcase>
      <testcase name="Test Cases/AccountOpeningManager" time="10.319" classname="Test Cases/AccountOpeningManager" status="PASSED">
         <system-out><![CDATA[2023-11-27 19:11:33 - [TEST_CASE][PASSED] - Test Cases/AccountOpeningManager: Test Cases/AccountOpeningManager

2023-11-27 19:11:33 - [TEST_STEP][PASSED] - openBrowser(""): Browser is opened with url: ''

2023-11-27 19:11:33 - [MESSAGE][INFO] - Starting 'Chrome' driver

2023-11-27 19:11:33 - [MESSAGE][INFO] - Action delay is set to 0 milliseconds

2023-11-27 19:11:35 - [MESSAGE][PASSED] - Browser is opened with url: ''

2023-11-27 19:11:35 - [TEST_STEP][PASSED] - navigateToUrl("https://www.globalsqa.com/angularJs-protractor/BankingProject/#/login"): Navigate to 'https://www.globalsqa.com/angularJs-protractor/BankingProject/#/login' successfully

2023-11-27 19:11:37 - [MESSAGE][PASSED] - Navigate to 'https://www.globalsqa.com/angularJs-protractor/BankingProject/#/login' successfully

2023-11-27 19:11:37 - [TEST_STEP][PASSED] - maximizeWindow(): Current window maximized

2023-11-27 19:11:37 - [MESSAGE][PASSED] - Current window maximized

2023-11-27 19:11:37 - [TEST_STEP][PASSED] - click(findTestObject("Object Repository/AccountOpeningManager/Page_XYZ Bank/button_Bank Manager Login")): Object: 'Object Repository/AccountOpeningManager/Page_XYZ Bank/button_Bank Manager Login' is clicked on

2023-11-27 19:11:38 - [MESSAGE][PASSED] - Object: 'Object Repository/AccountOpeningManager/Page_XYZ Bank/button_Bank Manager Login' is clicked on

2023-11-27 19:11:38 - [TEST_STEP][PASSED] - click(findTestObject("Object Repository/AccountOpeningManager/Page_XYZ Bank/button_Open Account")): Object: 'Object Repository/AccountOpeningManager/Page_XYZ Bank/button_Open Account' is clicked on

2023-11-27 19:11:39 - [MESSAGE][PASSED] - Object: 'Object Repository/AccountOpeningManager/Page_XYZ Bank/button_Open Account' is clicked on

2023-11-27 19:11:39 - [TEST_STEP][PASSED] - selectOptionByValue(findTestObject("Object Repository/AccountOpeningManager/Page_XYZ Bank/select_---Customer Name---       Hermoine G_e4ab73"), "1", true): All options with value '1' are selected in object 'Object Repository/AccountOpeningManager/Page_XYZ Bank/select_---Customer Name---       Hermoine G_e4ab73'  using regular expression

2023-11-27 19:11:41 - [MESSAGE][PASSED] - All options with value '1' are selected in object 'Object Repository/AccountOpeningManager/Page_XYZ Bank/select_---Customer Name---       Hermoine G_e4ab73'  using regular expression

2023-11-27 19:11:41 - [TEST_STEP][PASSED] - selectOptionByValue(findTestObject("Object Repository/AccountOpeningManager/Page_XYZ Bank/select_---Currency---       Dollar      Pou_e54511"), "Pound", true): All options with value 'Pound' are selected in object 'Object Repository/AccountOpeningManager/Page_XYZ Bank/select_---Currency---       Dollar      Pou_e54511'  using regular expression

2023-11-27 19:11:42 - [MESSAGE][PASSED] - All options with value 'Pound' are selected in object 'Object Repository/AccountOpeningManager/Page_XYZ Bank/select_---Currency---       Dollar      Pou_e54511'  using regular expression

2023-11-27 19:11:42 - [TEST_STEP][PASSED] - click(findTestObject("Object Repository/AccountOpeningManager/Page_XYZ Bank/button_Process")): Object: 'Object Repository/AccountOpeningManager/Page_XYZ Bank/button_Process' is clicked on

2023-11-27 19:11:42 - [MESSAGE][PASSED] - Object: 'Object Repository/AccountOpeningManager/Page_XYZ Bank/button_Process' is clicked on

2023-11-27 19:11:42 - [TEST_STEP][PASSED] - click(findTestObject("Object Repository/AccountOpeningManager/Page_XYZ Bank/button_Home")): Object: 'Object Repository/AccountOpeningManager/Page_XYZ Bank/button_Home' is clicked on

2023-11-27 19:11:42 - [MESSAGE][PASSED] - Object: 'Object Repository/AccountOpeningManager/Page_XYZ Bank/button_Home' is clicked on

2023-11-27 19:11:42 - [TEST_STEP][PASSED] - closeBrowser(): Browser is closed

2023-11-27 19:11:43 - [MESSAGE][PASSED] - Browser is closed]]></system-out>
         <system-err><![CDATA[]]></system-err>
      </testcase>
      <system-out><![CDATA[2023-11-27 19:09:32 - [TEST_SUITE][PASSED] - BankLogin: Test Cases/AccountOpeningManager]]></system-out>
      <system-err><![CDATA[]]></system-err>
   </testsuite>
</testsuites>
