<?xml version="1.0" encoding="UTF-8"?>
<testsuites name="PHP" time="314.473" tests="4" failures="0" errors="0">
   <testsuite name="PHP" tests="4" failures="0" errors="0" time="314.473" skipped="0" timestamp="2023-11-27 17:54:45" hostname="Praveen Reddy - LAPTOP-FO4697CL" id="Test Suites/PHP">
      <properties>
         <property name="deviceName" value=""/>
         <property name="devicePlatform" value=""/>
         <property name="logFolder" value="C:\\Users\\phlv5\\Katalon Studio\\PHPTravel\\Reports\\20231127_175435\\PHP\\20231127_175436"/>
         <property name="logFiles" value="C:\\Users\\phlv5\\Katalon Studio\\PHPTravel\\Reports\\20231127_175435\\PHP\\20231127_175436\\execution0.log"/>
         <property name="attachments" value=""/>
         <property name="hostName" value="Praveen Reddy - LAPTOP-FO4697CL"/>
         <property name="os" value="Windows 11 64bit"/>
         <property name="katalonVersion" value="8.6.8.208"/>
         <property name="browser" value="Chrome 119.0.0.0"/>
         <property name="hostAddress" value="192.168.108.65"/>
         <property name="sessionId" value="b3eb8ebb3da3b8df02d4b69a607613f0"/>
         <property name="seleniumVersion" value="3.141.59"/>
         <property name="proxyInformation" value="ProxyInformation { proxyOption=NO_PROXY, proxyServerType=HTTP, username=, password=********, proxyServerAddress=, proxyServerPort=0, executionList=&quot;&quot;, isApplyToDesiredCapabilities=true }"/>
         <property name="platform" value="Windows 11"/>
      </properties>
      <testcase name="Test Cases/PHPLogin" time="95.038" classname="Test Cases/PHPLogin" status="PASSED">
         <system-out><![CDATA[2023-11-27 17:54:45 - [TEST_CASE][PASSED] - Test Cases/PHPLogin: Test Cases/PHPLogin

2023-11-27 17:54:46 - [TEST_STEP][PASSED] - openBrowser(""): Browser is opened with url: ''

2023-11-27 17:54:46 - [MESSAGE][INFO] - Starting 'Chrome' driver

2023-11-27 17:54:46 - [MESSAGE][INFO] - Action delay is set to 0 milliseconds

2023-11-27 17:54:48 - [MESSAGE][PASSED] - Browser is opened with url: ''

2023-11-27 17:54:48 - [TEST_STEP][PASSED] - navigateToUrl("https://phptravels.com/demo"): Navigate to 'https://phptravels.com/demo' successfully

2023-11-27 17:54:52 - [MESSAGE][PASSED] - Navigate to 'https://phptravels.com/demo' successfully

2023-11-27 17:54:52 - [TEST_STEP][PASSED] - maximizeWindow(): Current window maximized

2023-11-27 17:54:52 - [MESSAGE][PASSED] - Current window maximized

2023-11-27 17:54:52 - [TEST_STEP][PASSED] - click(findTestObject("Object Repository/LoginPage/Page_Book Your Free Demo Now - Phptravels/a_Login")): Object: 'Object Repository/LoginPage/Page_Book Your Free Demo Now - Phptravels/a_Login' is clicked on

2023-11-27 17:54:54 - [MESSAGE][PASSED] - Object: 'Object Repository/LoginPage/Page_Book Your Free Demo Now - Phptravels/a_Login' is clicked on

2023-11-27 17:54:54 - [TEST_STEP][PASSED] - switchToWindowTitle("Login - PHPTRAVELS"): Switched to window with title: 'Login - PHPTRAVELS'

2023-11-27 17:55:02 - [MESSAGE][PASSED] - Switched to window with title: 'Login - PHPTRAVELS'

2023-11-27 17:55:02 - [TEST_STEP][PASSED] - click(findTestObject("Object Repository/LoginPage/Page_Login - PHPTRAVELS/label_Email Address")): Object: 'Object Repository/LoginPage/Page_Login - PHPTRAVELS/label_Email Address' is clicked on

2023-11-27 17:55:03 - [MESSAGE][PASSED] - Object: 'Object Repository/LoginPage/Page_Login - PHPTRAVELS/label_Email Address' is clicked on

2023-11-27 17:55:03 - [TEST_STEP][PASSED] - setText(findTestObject("Object Repository/LoginPage/Page_Login - PHPTRAVELS/input_Email Address_username"), "test"): Text 'test' is set on object 'Object Repository/LoginPage/Page_Login - PHPTRAVELS/input_Email Address_username'

2023-11-27 17:55:03 - [MESSAGE][PASSED] - Text 'test' is set on object 'Object Repository/LoginPage/Page_Login - PHPTRAVELS/input_Email Address_username'

2023-11-27 17:55:03 - [TEST_STEP][PASSED] - click(findTestObject("Object Repository/LoginPage/Page_Login - PHPTRAVELS/a_Forgot Password")): Object: 'Object Repository/LoginPage/Page_Login - PHPTRAVELS/a_Forgot Password' is clicked on

2023-11-27 17:55:05 - [MESSAGE][PASSED] - Object: 'Object Repository/LoginPage/Page_Login - PHPTRAVELS/a_Forgot Password' is clicked on

2023-11-27 17:55:05 - [TEST_STEP][PASSED] - setText(findTestObject("Object Repository/LoginPage/Page_Lost Password Reset - PHPTRAVELS/input_Email Address_email"), "test"): Text 'test' is set on object 'Object Repository/LoginPage/Page_Lost Password Reset - PHPTRAVELS/input_Email Address_email'

2023-11-27 17:55:06 - [MESSAGE][PASSED] - Text 'test' is set on object 'Object Repository/LoginPage/Page_Lost Password Reset - PHPTRAVELS/input_Email Address_email'

2023-11-27 17:55:06 - [TEST_STEP][PASSED] - click(findTestObject("Object Repository/LoginPage/Page_Lost Password Reset - PHPTRAVELS/button_Submit")): Object: 'Object Repository/LoginPage/Page_Lost Password Reset - PHPTRAVELS/button_Submit' is clicked on

2023-11-27 17:55:06 - [MESSAGE][PASSED] - Object: 'Object Repository/LoginPage/Page_Lost Password Reset - PHPTRAVELS/button_Submit' is clicked on

2023-11-27 17:55:06 - [TEST_STEP][PASSED] - click(findTestObject("Object Repository/LoginPage/Page_Lost Password Reset - PHPTRAVELS/a_Portal Home")): Object: 'Object Repository/LoginPage/Page_Lost Password Reset - PHPTRAVELS/a_Portal Home' is clicked on

2023-11-27 17:55:10 - [MESSAGE][PASSED] - Object: 'Object Repository/LoginPage/Page_Lost Password Reset - PHPTRAVELS/a_Portal Home' is clicked on

2023-11-27 17:55:10 - [TEST_STEP][PASSED] - setText(findTestObject("Object Repository/LoginPage/Page_Login - PHPTRAVELS/input_Email Address_username"), "test@gmail.com"): Text 'test@gmail.com' is set on object 'Object Repository/LoginPage/Page_Login - PHPTRAVELS/input_Email Address_username'

2023-11-27 17:55:11 - [MESSAGE][PASSED] - Text 'test@gmail.com' is set on object 'Object Repository/LoginPage/Page_Login - PHPTRAVELS/input_Email Address_username'

2023-11-27 17:55:11 - [TEST_STEP][PASSED] - setEncryptedText(findTestObject("Object Repository/LoginPage/Page_Login - PHPTRAVELS/input_Forgot Password_password"), "cvW8qx4B2o3F4VwP/kNsqA=="): Text ****** has been set on object 'Object Repository/LoginPage/Page_Login - PHPTRAVELS/input_Forgot Password_password'

2023-11-27 17:55:12 - [MESSAGE][PASSED] - Text ****** has been set on object 'Object Repository/LoginPage/Page_Login - PHPTRAVELS/input_Forgot Password_password'

2023-11-27 17:55:12 - [TEST_STEP][PASSED] - click(findTestObject("Object Repository/LoginPage/Page_Login - PHPTRAVELS/div_id(katalon-rec_elementInfoDiv)")): Object: 'Object Repository/LoginPage/Page_Login - PHPTRAVELS/div_id(katalon-rec_elementInfoDiv)' is clicked on

2023-11-27 17:55:43 - [MESSAGE][INFO] - Unable to find the element located by 'By.xpath: //iframe[@name='a-2wi74eguwf4h']'. Please recheck the objects properties to make sure the desired element is located. 

2023-11-27 17:55:43 - [MESSAGE][WARNING] - [SELF-HEALING] Failed to find element with id 'Object Repository/LoginPage/Page_Login - PHPTRAVELS/iframe_Forgot Password_a-2wi74eguwf4h'. Try using Self-healing.

2023-11-27 17:55:43 - [MESSAGE][WARNING] - [SELF-HEALING] The current locator of test object 'Object Repository/LoginPage/Page_Login - PHPTRAVELS/iframe_Forgot Password_a-2wi74eguwf4h' was broken. Propose an alternative one: '//div[@id='#divDynamicRecaptcha1']/div/div/iframe'.

2023-11-27 17:56:14 - [MESSAGE][INFO] - Unable to find the element located by 'By.xpath: //div[@id='katalon-rec_elementInfoDiv']'. Please recheck the objects properties to make sure the desired element is located. 

2023-11-27 17:56:14 - [MESSAGE][WARNING] - [SELF-HEALING] Failed to find element with id 'Object Repository/LoginPage/Page_Login - PHPTRAVELS/div_id(katalon-rec_elementInfoDiv)'. Try using Self-healing.

2023-11-27 17:56:14 - [MESSAGE][WARNING] - [SELF-HEALING] The current locator of test object 'Object Repository/LoginPage/Page_Login - PHPTRAVELS/div_id(katalon-rec_elementInfoDiv)' was broken. Propose an alternative one: '//div[3]/div'.

2023-11-27 17:56:15 - [MESSAGE][PASSED] - Object: 'Object Repository/LoginPage/Page_Login - PHPTRAVELS/div_id(katalon-rec_elementInfoDiv)' is clicked on

2023-11-27 17:56:15 - [TEST_STEP][PASSED] - click(findTestObject("Object Repository/LoginPage/Page_Login - PHPTRAVELS/button_Login")): Object: 'Object Repository/LoginPage/Page_Login - PHPTRAVELS/button_Login' is clicked on

2023-11-27 17:56:17 - [MESSAGE][PASSED] - Object: 'Object Repository/LoginPage/Page_Login - PHPTRAVELS/button_Login' is clicked on

2023-11-27 17:56:17 - [TEST_STEP][PASSED] - click(findTestObject("Object Repository/LoginPage/Page_Login - PHPTRAVELS/img_Shopping Cart_logo-img")): Object: 'Object Repository/LoginPage/Page_Login - PHPTRAVELS/img_Shopping Cart_logo-img' is clicked on

2023-11-27 17:56:20 - [MESSAGE][PASSED] - Object: 'Object Repository/LoginPage/Page_Login - PHPTRAVELS/img_Shopping Cart_logo-img' is clicked on

2023-11-27 17:56:20 - [TEST_STEP][PASSED] - getWindowTitle(): Current window's title is: 'Login - PHPTRAVELS'

2023-11-27 17:56:20 - [MESSAGE][PASSED] - Current window's title is: 'Login - PHPTRAVELS']]></system-out>
         <system-err><![CDATA[]]></system-err>
      </testcase>
      <testcase name="Test Cases/PHPSignup" time="57.979" classname="Test Cases/PHPSignup" status="PASSED">
         <system-out><![CDATA[2023-11-27 17:56:20 - [TEST_CASE][PASSED] - Test Cases/PHPSignup: Test Cases/PHPSignup

2023-11-27 17:56:21 - [TEST_STEP][PASSED] - openBrowser(""): Browser is opened with url: ''

2023-11-27 17:56:21 - [MESSAGE][WARNING] - A browser is already opened. Closing browser and opening a new one

2023-11-27 17:56:21 - [MESSAGE][INFO] - Starting 'Chrome' driver

2023-11-27 17:56:21 - [MESSAGE][INFO] - Action delay is set to 0 milliseconds

2023-11-27 17:56:22 - [MESSAGE][PASSED] - Browser is opened with url: ''

2023-11-27 17:56:22 - [TEST_STEP][PASSED] - navigateToUrl("https://phptravels.com/demo"): Navigate to 'https://phptravels.com/demo' successfully

2023-11-27 17:56:26 - [MESSAGE][PASSED] - Navigate to 'https://phptravels.com/demo' successfully

2023-11-27 17:56:26 - [TEST_STEP][PASSED] - maximizeWindow(): Current window maximized

2023-11-27 17:56:26 - [MESSAGE][PASSED] - Current window maximized

2023-11-27 17:56:26 - [TEST_STEP][PASSED] - click(findTestObject("Object Repository/SignupPage/Page_Book Your Free Demo Now - Phptravels/a_Signup")): Object: 'Object Repository/SignupPage/Page_Book Your Free Demo Now - Phptravels/a_Signup' is clicked on

2023-11-27 17:56:28 - [MESSAGE][PASSED] - Object: 'Object Repository/SignupPage/Page_Book Your Free Demo Now - Phptravels/a_Signup' is clicked on

2023-11-27 17:56:28 - [TEST_STEP][PASSED] - switchToWindowTitle("Register - PHPTRAVELS"): Switched to window with title: 'Register - PHPTRAVELS'

2023-11-27 17:56:49 - [MESSAGE][PASSED] - Switched to window with title: 'Register - PHPTRAVELS'

2023-11-27 17:56:49 - [TEST_STEP][PASSED] - setText(findTestObject("Object Repository/SignupPage/Page_Register - PHPTRAVELS/input_Personal Information_firstname"), "Test"): Text 'Test' is set on object 'Object Repository/SignupPage/Page_Register - PHPTRAVELS/input_Personal Information_firstname'

2023-11-27 17:56:50 - [MESSAGE][PASSED] - Text 'Test' is set on object 'Object Repository/SignupPage/Page_Register - PHPTRAVELS/input_Personal Information_firstname'

2023-11-27 17:56:50 - [TEST_STEP][PASSED] - setText(findTestObject("Object Repository/SignupPage/Page_Register - PHPTRAVELS/input_Personal Information_lastname"), "User"): Text 'User' is set on object 'Object Repository/SignupPage/Page_Register - PHPTRAVELS/input_Personal Information_lastname'

2023-11-27 17:56:51 - [MESSAGE][PASSED] - Text 'User' is set on object 'Object Repository/SignupPage/Page_Register - PHPTRAVELS/input_Personal Information_lastname'

2023-11-27 17:56:51 - [TEST_STEP][PASSED] - setText(findTestObject("Object Repository/SignupPage/Page_Register - PHPTRAVELS/input_Personal Information_email"), "test@gmail.com"): Text 'test@gmail.com' is set on object 'Object Repository/SignupPage/Page_Register - PHPTRAVELS/input_Personal Information_email'

2023-11-27 17:56:51 - [MESSAGE][PASSED] - Text 'test@gmail.com' is set on object 'Object Repository/SignupPage/Page_Register - PHPTRAVELS/input_Personal Information_email'

2023-11-27 17:56:51 - [TEST_STEP][PASSED] - click(findTestObject("Object Repository/SignupPage/Page_Register - PHPTRAVELS/div_Personal Information_iti-arrow")): Object: 'Object Repository/SignupPage/Page_Register - PHPTRAVELS/div_Personal Information_iti-arrow' is clicked on

2023-11-27 17:56:52 - [MESSAGE][PASSED] - Object: 'Object Repository/SignupPage/Page_Register - PHPTRAVELS/div_Personal Information_iti-arrow' is clicked on

2023-11-27 17:56:52 - [TEST_STEP][PASSED] - click(findTestObject("Object Repository/SignupPage/Page_Register - PHPTRAVELS/li_United States1")): Object: 'Object Repository/SignupPage/Page_Register - PHPTRAVELS/li_United States1' is clicked on

2023-11-27 17:56:52 - [MESSAGE][PASSED] - Object: 'Object Repository/SignupPage/Page_Register - PHPTRAVELS/li_United States1' is clicked on

2023-11-27 17:56:52 - [TEST_STEP][PASSED] - setText(findTestObject("Object Repository/SignupPage/Page_Register - PHPTRAVELS/input_land Islands_phonenumber"), "5465576778"): Text '5465576778' is set on object 'Object Repository/SignupPage/Page_Register - PHPTRAVELS/input_land Islands_phonenumber'

2023-11-27 17:56:53 - [MESSAGE][PASSED] - Text '5465576778' is set on object 'Object Repository/SignupPage/Page_Register - PHPTRAVELS/input_land Islands_phonenumber'

2023-11-27 17:56:53 - [TEST_STEP][PASSED] - setText(findTestObject("Object Repository/SignupPage/Page_Register - PHPTRAVELS/input_Billing Address_companyname"), "Clic QA"): Text 'Clic QA' is set on object 'Object Repository/SignupPage/Page_Register - PHPTRAVELS/input_Billing Address_companyname'

2023-11-27 17:56:54 - [MESSAGE][PASSED] - Text 'Clic QA' is set on object 'Object Repository/SignupPage/Page_Register - PHPTRAVELS/input_Billing Address_companyname'

2023-11-27 17:56:54 - [TEST_STEP][PASSED] - setText(findTestObject("Object Repository/SignupPage/Page_Register - PHPTRAVELS/input_Billing Address_address1"), "Kondapur"): Text 'Kondapur' is set on object 'Object Repository/SignupPage/Page_Register - PHPTRAVELS/input_Billing Address_address1'

2023-11-27 17:56:55 - [MESSAGE][PASSED] - Text 'Kondapur' is set on object 'Object Repository/SignupPage/Page_Register - PHPTRAVELS/input_Billing Address_address1'

2023-11-27 17:56:55 - [TEST_STEP][PASSED] - setText(findTestObject("Object Repository/SignupPage/Page_Register - PHPTRAVELS/input_Billing Address_city"), "Hyderabad"): Text 'Hyderabad' is set on object 'Object Repository/SignupPage/Page_Register - PHPTRAVELS/input_Billing Address_city'

2023-11-27 17:56:55 - [MESSAGE][PASSED] - Text 'Hyderabad' is set on object 'Object Repository/SignupPage/Page_Register - PHPTRAVELS/input_Billing Address_city'

2023-11-27 17:56:55 - [TEST_STEP][PASSED] - setText(findTestObject("Object Repository/SignupPage/Page_Register - PHPTRAVELS/input_Billing Address_state"), "Telangana"): Text 'Telangana' is set on object 'Object Repository/SignupPage/Page_Register - PHPTRAVELS/input_Billing Address_state'

2023-11-27 17:56:56 - [MESSAGE][PASSED] - Text 'Telangana' is set on object 'Object Repository/SignupPage/Page_Register - PHPTRAVELS/input_Billing Address_state'

2023-11-27 17:56:56 - [TEST_STEP][PASSED] - setText(findTestObject("Object Repository/SignupPage/Page_Register - PHPTRAVELS/input_Billing Address_postcode"), "500001"): Text '500001' is set on object 'Object Repository/SignupPage/Page_Register - PHPTRAVELS/input_Billing Address_postcode'

2023-11-27 17:56:57 - [MESSAGE][PASSED] - Text '500001' is set on object 'Object Repository/SignupPage/Page_Register - PHPTRAVELS/input_Billing Address_postcode'

2023-11-27 17:56:57 - [TEST_STEP][PASSED] - selectOptionByValue(findTestObject("Object Repository/SignupPage/Page_Register - PHPTRAVELS/select_AfghanistanAland IslandsAlbaniaAlger_fb9eec"), "PK", true): All options with value 'PK' are selected in object 'Object Repository/SignupPage/Page_Register - PHPTRAVELS/select_AfghanistanAland IslandsAlbaniaAlger_fb9eec'  using regular expression

2023-11-27 17:57:04 - [MESSAGE][PASSED] - All options with value 'PK' are selected in object 'Object Repository/SignupPage/Page_Register - PHPTRAVELS/select_AfghanistanAland IslandsAlbaniaAlger_fb9eec'  using regular expression

2023-11-27 17:57:04 - [TEST_STEP][PASSED] - selectOptionByValue(findTestObject("Object Repository/SignupPage/Page_Register - PHPTRAVELS/select_AfghanistanAland IslandsAlbaniaAlger_fb9eec"), "IN", true): All options with value 'IN' are selected in object 'Object Repository/SignupPage/Page_Register - PHPTRAVELS/select_AfghanistanAland IslandsAlbaniaAlger_fb9eec'  using regular expression

2023-11-27 17:57:11 - [MESSAGE][PASSED] - All options with value 'IN' are selected in object 'Object Repository/SignupPage/Page_Register - PHPTRAVELS/select_AfghanistanAland IslandsAlbaniaAlger_fb9eec'  using regular expression

2023-11-27 17:57:11 - [TEST_STEP][PASSED] - click(findTestObject("Object Repository/SignupPage/Page_Register - PHPTRAVELS/button_Generate Password")): Object: 'Object Repository/SignupPage/Page_Register - PHPTRAVELS/button_Generate Password' is clicked on

2023-11-27 17:57:11 - [MESSAGE][PASSED] - Object: 'Object Repository/SignupPage/Page_Register - PHPTRAVELS/button_Generate Password' is clicked on

2023-11-27 17:57:11 - [TEST_STEP][PASSED] - setText(findTestObject("Object Repository/SignupPage/Page_Register - PHPTRAVELS/input_Password Length_inputGeneratePasswordLength"), "10"): Text '10' is set on object 'Object Repository/SignupPage/Page_Register - PHPTRAVELS/input_Password Length_inputGeneratePasswordLength'

2023-11-27 17:57:12 - [MESSAGE][PASSED] - Text '10' is set on object 'Object Repository/SignupPage/Page_Register - PHPTRAVELS/input_Password Length_inputGeneratePasswordLength'

2023-11-27 17:57:12 - [TEST_STEP][PASSED] - click(findTestObject("Object Repository/SignupPage/Page_Register - PHPTRAVELS/input_Generated Password_inputGeneratePassw_1aa1a9")): Object: 'Object Repository/SignupPage/Page_Register - PHPTRAVELS/input_Generated Password_inputGeneratePassw_1aa1a9' is clicked on

2023-11-27 17:57:13 - [MESSAGE][PASSED] - Object: 'Object Repository/SignupPage/Page_Register - PHPTRAVELS/input_Generated Password_inputGeneratePassw_1aa1a9' is clicked on

2023-11-27 17:57:13 - [TEST_STEP][PASSED] - clearText(findTestObject("Object Repository/SignupPage/Page_Register - PHPTRAVELS/input_Generated Password_inputGeneratePassw_1aa1a9")): Text of object 'Object Repository/SignupPage/Page_Register - PHPTRAVELS/input_Generated Password_inputGeneratePassw_1aa1a9' is cleared

2023-11-27 17:57:13 - [MESSAGE][PASSED] - Text of object 'Object Repository/SignupPage/Page_Register - PHPTRAVELS/input_Generated Password_inputGeneratePassw_1aa1a9' is cleared

2023-11-27 17:57:13 - [TEST_STEP][PASSED] - click(findTestObject("Object Repository/SignupPage/Page_Register - PHPTRAVELS/div_Generated Password_col-sm-8")): Object: 'Object Repository/SignupPage/Page_Register - PHPTRAVELS/div_Generated Password_col-sm-8' is clicked on

2023-11-27 17:57:13 - [MESSAGE][PASSED] - Object: 'Object Repository/SignupPage/Page_Register - PHPTRAVELS/div_Generated Password_col-sm-8' is clicked on

2023-11-27 17:57:13 - [TEST_STEP][PASSED] - setText(findTestObject("Object Repository/SignupPage/Page_Register - PHPTRAVELS/input_Generated Password_inputGeneratePassw_1aa1a9"), "Test@123"): Text 'Test@123' is set on object 'Object Repository/SignupPage/Page_Register - PHPTRAVELS/input_Generated Password_inputGeneratePassw_1aa1a9'

2023-11-27 17:57:14 - [MESSAGE][PASSED] - Text 'Test@123' is set on object 'Object Repository/SignupPage/Page_Register - PHPTRAVELS/input_Generated Password_inputGeneratePassw_1aa1a9'

2023-11-27 17:57:14 - [TEST_STEP][PASSED] - click(findTestObject("Object Repository/SignupPage/Page_Register - PHPTRAVELS/button_Copy")): Object: 'Object Repository/SignupPage/Page_Register - PHPTRAVELS/button_Copy' is clicked on

2023-11-27 17:57:14 - [MESSAGE][PASSED] - Object: 'Object Repository/SignupPage/Page_Register - PHPTRAVELS/button_Copy' is clicked on

2023-11-27 17:57:14 - [TEST_STEP][PASSED] - click(findTestObject("Object Repository/SignupPage/Page_Register - PHPTRAVELS/button_Close")): Object: 'Object Repository/SignupPage/Page_Register - PHPTRAVELS/button_Close' is clicked on

2023-11-27 17:57:15 - [MESSAGE][PASSED] - Object: 'Object Repository/SignupPage/Page_Register - PHPTRAVELS/button_Close' is clicked on

2023-11-27 17:57:15 - [TEST_STEP][PASSED] - click(findTestObject("Object Repository/SignupPage/Page_Register - PHPTRAVELS/a_Home")): Object: 'Object Repository/SignupPage/Page_Register - PHPTRAVELS/a_Home' is clicked on

2023-11-27 17:57:18 - [MESSAGE][PASSED] - Object: 'Object Repository/SignupPage/Page_Register - PHPTRAVELS/a_Home' is clicked on

2023-11-27 17:57:18 - [TEST_STEP][PASSED] - getWindowTitle(STOP_ON_FAILURE): Current window's title is: 'Login - PHPTRAVELS'

2023-11-27 17:57:18 - [MESSAGE][PASSED] - Current window's title is: 'Login - PHPTRAVELS']]></system-out>
         <system-err><![CDATA[]]></system-err>
      </testcase>
      <testcase name="Test Cases/PlaceOrder" time="56.589" classname="Test Cases/PlaceOrder" status="PASSED">
         <system-out><![CDATA[2023-11-27 17:57:18 - [TEST_CASE][PASSED] - Test Cases/PlaceOrder: Test Cases/PlaceOrder

2023-11-27 17:57:19 - [TEST_STEP][PASSED] - openBrowser(""): Browser is opened with url: ''

2023-11-27 17:57:19 - [MESSAGE][WARNING] - A browser is already opened. Closing browser and opening a new one

2023-11-27 17:57:19 - [MESSAGE][INFO] - Starting 'Chrome' driver

2023-11-27 17:57:19 - [MESSAGE][INFO] - Action delay is set to 0 milliseconds

2023-11-27 17:57:21 - [MESSAGE][PASSED] - Browser is opened with url: ''

2023-11-27 17:57:21 - [TEST_STEP][PASSED] - navigateToUrl("https://phptravels.com/demo"): Navigate to 'https://phptravels.com/demo' successfully

2023-11-27 17:57:24 - [MESSAGE][PASSED] - Navigate to 'https://phptravels.com/demo' successfully

2023-11-27 17:57:24 - [TEST_STEP][PASSED] - maximizeWindow(): Current window maximized

2023-11-27 17:57:25 - [MESSAGE][PASSED] - Current window maximized

2023-11-27 17:57:25 - [TEST_STEP][PASSED] - click(findTestObject("Object Repository/Cartpage/Page_Book Your Free Demo Now - Phptravels/strong_Login")): Object: 'Object Repository/Cartpage/Page_Book Your Free Demo Now - Phptravels/strong_Login' is clicked on

2023-11-27 17:57:26 - [MESSAGE][PASSED] - Object: 'Object Repository/Cartpage/Page_Book Your Free Demo Now - Phptravels/strong_Login' is clicked on

2023-11-27 17:57:26 - [TEST_STEP][PASSED] - switchToWindowTitle("Login - PHPTRAVELS"): Switched to window with title: 'Login - PHPTRAVELS'

2023-11-27 17:57:33 - [MESSAGE][PASSED] - Switched to window with title: 'Login - PHPTRAVELS'

2023-11-27 17:57:33 - [TEST_STEP][PASSED] - click(findTestObject("Object Repository/Cartpage/Page_Login - PHPTRAVELS/a_Store")): Object: 'Object Repository/Cartpage/Page_Login - PHPTRAVELS/a_Store' is clicked on

2023-11-27 17:57:33 - [MESSAGE][PASSED] - Object: 'Object Repository/Cartpage/Page_Login - PHPTRAVELS/a_Store' is clicked on

2023-11-27 17:57:33 - [TEST_STEP][PASSED] - click(findTestObject("Object Repository/Cartpage/Page_Login - PHPTRAVELS/a_Browse All")): Object: 'Object Repository/Cartpage/Page_Login - PHPTRAVELS/a_Browse All' is clicked on

2023-11-27 17:57:35 - [MESSAGE][PASSED] - Object: 'Object Repository/Cartpage/Page_Login - PHPTRAVELS/a_Browse All' is clicked on

2023-11-27 17:57:35 - [TEST_STEP][PASSED] - click(findTestObject("Object Repository/Cartpage/Page_Shopping Cart - PHPTRAVELS/a_License")): Object: 'Object Repository/Cartpage/Page_Shopping Cart - PHPTRAVELS/a_License' is clicked on

2023-11-27 17:57:36 - [MESSAGE][PASSED] - Object: 'Object Repository/Cartpage/Page_Shopping Cart - PHPTRAVELS/a_License' is clicked on

2023-11-27 17:57:36 - [TEST_STEP][PASSED] - click(findTestObject("Object Repository/Cartpage/Page_Shopping Cart - PHPTRAVELS/a_Mobile")): Object: 'Object Repository/Cartpage/Page_Shopping Cart - PHPTRAVELS/a_Mobile' is clicked on

2023-11-27 17:57:37 - [MESSAGE][PASSED] - Object: 'Object Repository/Cartpage/Page_Shopping Cart - PHPTRAVELS/a_Mobile' is clicked on

2023-11-27 17:57:37 - [TEST_STEP][PASSED] - click(findTestObject("Object Repository/Cartpage/Page_Shopping Cart - PHPTRAVELS/a_Services")): Object: 'Object Repository/Cartpage/Page_Shopping Cart - PHPTRAVELS/a_Services' is clicked on

2023-11-27 17:57:38 - [MESSAGE][PASSED] - Object: 'Object Repository/Cartpage/Page_Shopping Cart - PHPTRAVELS/a_Services' is clicked on

2023-11-27 17:57:38 - [TEST_STEP][PASSED] - click(findTestObject("Object Repository/Cartpage/Page_Shopping Cart - PHPTRAVELS/a_API")): Object: 'Object Repository/Cartpage/Page_Shopping Cart - PHPTRAVELS/a_API' is clicked on

2023-11-27 17:57:39 - [MESSAGE][PASSED] - Object: 'Object Repository/Cartpage/Page_Shopping Cart - PHPTRAVELS/a_API' is clicked on

2023-11-27 17:57:39 - [TEST_STEP][PASSED] - click(findTestObject("Object Repository/Cartpage/Page_Shopping Cart - PHPTRAVELS/a_License")): Object: 'Object Repository/Cartpage/Page_Shopping Cart - PHPTRAVELS/a_License' is clicked on

2023-11-27 17:57:40 - [MESSAGE][PASSED] - Object: 'Object Repository/Cartpage/Page_Shopping Cart - PHPTRAVELS/a_License' is clicked on

2023-11-27 17:57:40 - [TEST_STEP][PASSED] - click(findTestObject("Object Repository/Cartpage/Page_Shopping Cart - PHPTRAVELS/a_Order Now")): Object: 'Object Repository/Cartpage/Page_Shopping Cart - PHPTRAVELS/a_Order Now' is clicked on

2023-11-27 17:57:42 - [MESSAGE][PASSED] - Object: 'Object Repository/Cartpage/Page_Shopping Cart - PHPTRAVELS/a_Order Now' is clicked on

2023-11-27 17:57:42 - [TEST_STEP][PASSED] - setText(findTestObject("Object Repository/Cartpage/Page_Shopping Cart - PHPTRAVELS/input_Domain Name_customfield12"), "Testing"): Text 'Testing' is set on object 'Object Repository/Cartpage/Page_Shopping Cart - PHPTRAVELS/input_Domain Name_customfield12'

2023-11-27 17:57:43 - [MESSAGE][PASSED] - Text 'Testing' is set on object 'Object Repository/Cartpage/Page_Shopping Cart - PHPTRAVELS/input_Domain Name_customfield12'

2023-11-27 17:57:43 - [TEST_STEP][PASSED] - click(findTestObject("Object Repository/Cartpage/Page_Shopping Cart - PHPTRAVELS/button_Continue")): Object: 'Object Repository/Cartpage/Page_Shopping Cart - PHPTRAVELS/button_Continue' is clicked on

2023-11-27 17:57:43 - [MESSAGE][PASSED] - Object: 'Object Repository/Cartpage/Page_Shopping Cart - PHPTRAVELS/button_Continue' is clicked on

2023-11-27 17:57:43 - [TEST_STEP][PASSED] - click(findTestObject("Object Repository/Cartpage/Page_Shopping Cart - PHPTRAVELS/span_Empty Cart")): Object: 'Object Repository/Cartpage/Page_Shopping Cart - PHPTRAVELS/span_Empty Cart' is clicked on

2023-11-27 17:57:46 - [MESSAGE][PASSED] - Object: 'Object Repository/Cartpage/Page_Shopping Cart - PHPTRAVELS/span_Empty Cart' is clicked on

2023-11-27 17:57:46 - [TEST_STEP][PASSED] - click(findTestObject("Object Repository/Cartpage/Page_Shopping Cart - PHPTRAVELS/button_Yes")): Object: 'Object Repository/Cartpage/Page_Shopping Cart - PHPTRAVELS/button_Yes' is clicked on

2023-11-27 17:57:48 - [MESSAGE][PASSED] - Object: 'Object Repository/Cartpage/Page_Shopping Cart - PHPTRAVELS/button_Yes' is clicked on

2023-11-27 17:57:48 - [TEST_STEP][PASSED] - click(findTestObject("Object Repository/Cartpage/Page_Shopping Cart - PHPTRAVELS/a_Mobile")): Object: 'Object Repository/Cartpage/Page_Shopping Cart - PHPTRAVELS/a_Mobile' is clicked on

2023-11-27 17:57:49 - [MESSAGE][PASSED] - Object: 'Object Repository/Cartpage/Page_Shopping Cart - PHPTRAVELS/a_Mobile' is clicked on

2023-11-27 17:57:49 - [TEST_STEP][PASSED] - click(findTestObject("Object Repository/Cartpage/Page_Shopping Cart - PHPTRAVELS/a_Order Now_1")): Object: 'Object Repository/Cartpage/Page_Shopping Cart - PHPTRAVELS/a_Order Now_1' is clicked on

2023-11-27 17:57:51 - [MESSAGE][PASSED] - Object: 'Object Repository/Cartpage/Page_Shopping Cart - PHPTRAVELS/a_Order Now_1' is clicked on

2023-11-27 17:57:51 - [TEST_STEP][PASSED] - click(findTestObject("Object Repository/Cartpage/Page_Shopping Cart - PHPTRAVELS/ins_Uploading Apps to Stores_iCheck-helper")): Object: 'Object Repository/Cartpage/Page_Shopping Cart - PHPTRAVELS/ins_Uploading Apps to Stores_iCheck-helper' is clicked on

2023-11-27 17:57:52 - [MESSAGE][PASSED] - Object: 'Object Repository/Cartpage/Page_Shopping Cart - PHPTRAVELS/ins_Uploading Apps to Stores_iCheck-helper' is clicked on

2023-11-27 17:57:52 - [TEST_STEP][PASSED] - click(findTestObject("Object Repository/Cartpage/Page_Shopping Cart - PHPTRAVELS/div_Added to Cart (Remove)")): Object: 'Object Repository/Cartpage/Page_Shopping Cart - PHPTRAVELS/div_Added to Cart (Remove)' is clicked on

2023-11-27 17:57:53 - [MESSAGE][PASSED] - Object: 'Object Repository/Cartpage/Page_Shopping Cart - PHPTRAVELS/div_Added to Cart (Remove)' is clicked on

2023-11-27 17:57:53 - [TEST_STEP][PASSED] - click(findTestObject("Object Repository/Cartpage/Page_Shopping Cart - PHPTRAVELS/ins_Uploading Apps to Stores_iCheck-helper_1")): Object: 'Object Repository/Cartpage/Page_Shopping Cart - PHPTRAVELS/ins_Uploading Apps to Stores_iCheck-helper_1' is clicked on

2023-11-27 17:57:54 - [MESSAGE][PASSED] - Object: 'Object Repository/Cartpage/Page_Shopping Cart - PHPTRAVELS/ins_Uploading Apps to Stores_iCheck-helper_1' is clicked on

2023-11-27 17:57:54 - [TEST_STEP][PASSED] - click(findTestObject("Object Repository/Cartpage/Page_Shopping Cart - PHPTRAVELS/button_Continue")): Object: 'Object Repository/Cartpage/Page_Shopping Cart - PHPTRAVELS/button_Continue' is clicked on

2023-11-27 17:57:55 - [MESSAGE][PASSED] - Object: 'Object Repository/Cartpage/Page_Shopping Cart - PHPTRAVELS/button_Continue' is clicked on

2023-11-27 17:57:55 - [TEST_STEP][PASSED] - click(findTestObject("Object Repository/Cartpage/Page_Shopping Cart - PHPTRAVELS/a_Continue Shopping")): Object: 'Object Repository/Cartpage/Page_Shopping Cart - PHPTRAVELS/a_Continue Shopping' is clicked on

2023-11-27 17:58:01 - [MESSAGE][PASSED] - Object: 'Object Repository/Cartpage/Page_Shopping Cart - PHPTRAVELS/a_Continue Shopping' is clicked on

2023-11-27 17:58:01 - [TEST_STEP][PASSED] - click(findTestObject("Object Repository/Cartpage/Page_Shopping Cart - PHPTRAVELS/a_1Shopping Cart")): Object: 'Object Repository/Cartpage/Page_Shopping Cart - PHPTRAVELS/a_1Shopping Cart' is clicked on

2023-11-27 17:58:02 - [MESSAGE][PASSED] - Object: 'Object Repository/Cartpage/Page_Shopping Cart - PHPTRAVELS/a_1Shopping Cart' is clicked on

2023-11-27 17:58:02 - [TEST_STEP][PASSED] - click(findTestObject("Object Repository/Cartpage/Page_Shopping Cart - PHPTRAVELS/a_Edit")): Object: 'Object Repository/Cartpage/Page_Shopping Cart - PHPTRAVELS/a_Edit' is clicked on

2023-11-27 17:58:05 - [MESSAGE][PASSED] - Object: 'Object Repository/Cartpage/Page_Shopping Cart - PHPTRAVELS/a_Edit' is clicked on

2023-11-27 17:58:05 - [TEST_STEP][PASSED] - click(findTestObject("Object Repository/Cartpage/Page_Shopping Cart - PHPTRAVELS/ins_Uploading Apps to Stores_iCheck-helper_1_2")): Object: 'Object Repository/Cartpage/Page_Shopping Cart - PHPTRAVELS/ins_Uploading Apps to Stores_iCheck-helper_1_2' is clicked on

2023-11-27 17:58:05 - [MESSAGE][PASSED] - Object: 'Object Repository/Cartpage/Page_Shopping Cart - PHPTRAVELS/ins_Uploading Apps to Stores_iCheck-helper_1_2' is clicked on

2023-11-27 17:58:05 - [TEST_STEP][PASSED] - click(findTestObject("Object Repository/Cartpage/Page_Shopping Cart - PHPTRAVELS/button_Continue")): Object: 'Object Repository/Cartpage/Page_Shopping Cart - PHPTRAVELS/button_Continue' is clicked on

2023-11-27 17:58:07 - [MESSAGE][PASSED] - Object: 'Object Repository/Cartpage/Page_Shopping Cart - PHPTRAVELS/button_Continue' is clicked on

2023-11-27 17:58:07 - [TEST_STEP][PASSED] - click(findTestObject("Object Repository/Cartpage/Page_Shopping Cart - PHPTRAVELS/a_Home")): Object: 'Object Repository/Cartpage/Page_Shopping Cart - PHPTRAVELS/a_Home' is clicked on

2023-11-27 17:58:14 - [MESSAGE][PASSED] - Object: 'Object Repository/Cartpage/Page_Shopping Cart - PHPTRAVELS/a_Home' is clicked on

2023-11-27 17:58:14 - [TEST_STEP][PASSED] - closeBrowser(): Browser is closed

2023-11-27 17:58:15 - [MESSAGE][PASSED] - Browser is closed

2023-11-27 17:58:15 - [TEST_STEP][PASSED] - closeBrowser(): Browser is closed

2023-11-27 17:58:15 - [MESSAGE][PASSED] - Browser is closed]]></system-out>
         <system-err><![CDATA[]]></system-err>
      </testcase>
      <testcase name="Test Cases/SearchCase" time="104.621" classname="Test Cases/SearchCase" status="PASSED">
         <system-out><![CDATA[2023-11-27 17:58:15 - [TEST_CASE][PASSED] - Test Cases/SearchCase: Test Cases/SearchCase

2023-11-27 17:58:15 - [TEST_STEP][PASSED] - openBrowser(""): Browser is opened with url: ''

2023-11-27 17:58:15 - [MESSAGE][INFO] - Starting 'Chrome' driver

2023-11-27 17:58:15 - [MESSAGE][INFO] - Action delay is set to 0 milliseconds

2023-11-27 17:58:16 - [MESSAGE][PASSED] - Browser is opened with url: ''

2023-11-27 17:58:16 - [TEST_STEP][PASSED] - navigateToUrl("https://phptravels.org/login"): Navigate to 'https://phptravels.org/login' successfully

2023-11-27 17:59:15 - [MESSAGE][PASSED] - Navigate to 'https://phptravels.org/login' successfully

2023-11-27 17:59:15 - [TEST_STEP][PASSED] - maximizeWindow(): Current window maximized

2023-11-27 17:59:15 - [MESSAGE][PASSED] - Current window maximized

2023-11-27 17:59:15 - [TEST_STEP][PASSED] - setText(findTestObject("Object Repository/SearchPage/Page_Login - PHPTRAVELS/input_Shopping Cart_search"), "Andriod"): Text 'Andriod' is set on object 'Object Repository/SearchPage/Page_Login - PHPTRAVELS/input_Shopping Cart_search'

2023-11-27 17:59:15 - [MESSAGE][PASSED] - Text 'Andriod' is set on object 'Object Repository/SearchPage/Page_Login - PHPTRAVELS/input_Shopping Cart_search'

2023-11-27 17:59:15 - [TEST_STEP][PASSED] - click(findTestObject("Object Repository/SearchPage/Page_Login - PHPTRAVELS/i_Shopping Cart_fas fa-search")): Object: 'Object Repository/SearchPage/Page_Login - PHPTRAVELS/i_Shopping Cart_fas fa-search' is clicked on

2023-11-27 17:59:33 - [MESSAGE][PASSED] - Object: 'Object Repository/SearchPage/Page_Login - PHPTRAVELS/i_Shopping Cart_fas fa-search' is clicked on

2023-11-27 17:59:33 - [TEST_STEP][PASSED] - click(findTestObject("Object Repository/SearchPage/Page_Knowledgebase - PHPTRAVELS/a_Back")): Object: 'Object Repository/SearchPage/Page_Knowledgebase - PHPTRAVELS/a_Back' is clicked on

2023-11-27 17:59:36 - [MESSAGE][PASSED] - Object: 'Object Repository/SearchPage/Page_Knowledgebase - PHPTRAVELS/a_Back' is clicked on

2023-11-27 17:59:36 - [TEST_STEP][PASSED] - clearText(findTestObject("Object Repository/SearchPage/Page_Login - PHPTRAVELS/input_Shopping Cart_search")): Text of object 'Object Repository/SearchPage/Page_Login - PHPTRAVELS/input_Shopping Cart_search' is cleared

2023-11-27 17:59:36 - [MESSAGE][PASSED] - Text of object 'Object Repository/SearchPage/Page_Login - PHPTRAVELS/input_Shopping Cart_search' is cleared

2023-11-27 17:59:36 - [TEST_STEP][PASSED] - click(findTestObject("Object Repository/SearchPage/Page_Login - PHPTRAVELS/i_Shopping Cart_fas fa-search")): Object: 'Object Repository/SearchPage/Page_Login - PHPTRAVELS/i_Shopping Cart_fas fa-search' is clicked on

2023-11-27 17:59:38 - [MESSAGE][PASSED] - Object: 'Object Repository/SearchPage/Page_Login - PHPTRAVELS/i_Shopping Cart_fas fa-search' is clicked on

2023-11-27 17:59:38 - [TEST_STEP][PASSED] - setText(findTestObject("Object Repository/SearchPage/Page_Login - PHPTRAVELS/input_Shopping Cart_search"), "Application"): Text 'Application' is set on object 'Object Repository/SearchPage/Page_Login - PHPTRAVELS/input_Shopping Cart_search'

2023-11-27 17:59:39 - [MESSAGE][PASSED] - Text 'Application' is set on object 'Object Repository/SearchPage/Page_Login - PHPTRAVELS/input_Shopping Cart_search'

2023-11-27 17:59:39 - [TEST_STEP][PASSED] - click(findTestObject("Object Repository/SearchPage/Page_Login - PHPTRAVELS/input_Shopping Cart_search")): Object: 'Object Repository/SearchPage/Page_Login - PHPTRAVELS/input_Shopping Cart_search' is clicked on

2023-11-27 17:59:39 - [MESSAGE][PASSED] - Object: 'Object Repository/SearchPage/Page_Login - PHPTRAVELS/input_Shopping Cart_search' is clicked on

2023-11-27 17:59:39 - [TEST_STEP][PASSED] - click(findTestObject("Object Repository/SearchPage/Page_Knowledgebase - PHPTRAVELS/a_Downloads")): Object: 'Object Repository/SearchPage/Page_Knowledgebase - PHPTRAVELS/a_Downloads' is clicked on

2023-11-27 17:59:40 - [MESSAGE][PASSED] - Object: 'Object Repository/SearchPage/Page_Knowledgebase - PHPTRAVELS/a_Downloads' is clicked on

2023-11-27 17:59:40 - [TEST_STEP][PASSED] - click(findTestObject("Object Repository/SearchPage/Page_Downloads - PHPTRAVELS/a_Application0 Files")): Object: 'Object Repository/SearchPage/Page_Downloads - PHPTRAVELS/a_Application0 Files' is clicked on

2023-11-27 17:59:41 - [MESSAGE][PASSED] - Object: 'Object Repository/SearchPage/Page_Downloads - PHPTRAVELS/a_Application0 Files' is clicked on

2023-11-27 17:59:41 - [TEST_STEP][PASSED] - click(findTestObject("Object Repository/SearchPage/Page_Downloads - PHPTRAVELS/a_v70 Files")): Object: 'Object Repository/SearchPage/Page_Downloads - PHPTRAVELS/a_v70 Files' is clicked on

2023-11-27 17:59:50 - [MESSAGE][PASSED] - Object: 'Object Repository/SearchPage/Page_Downloads - PHPTRAVELS/a_v70 Files' is clicked on

2023-11-27 17:59:50 - [TEST_STEP][PASSED] - click(findTestObject("Object Repository/SearchPage/Page_Downloads - PHPTRAVELS/a_Home")): Object: 'Object Repository/SearchPage/Page_Downloads - PHPTRAVELS/a_Home' is clicked on

2023-11-27 17:59:59 - [MESSAGE][PASSED] - Object: 'Object Repository/SearchPage/Page_Downloads - PHPTRAVELS/a_Home' is clicked on

2023-11-27 17:59:59 - [TEST_STEP][PASSED] - closeBrowser(): Browser is closed

2023-11-27 18:00:00 - [MESSAGE][PASSED] - Browser is closed]]></system-out>
         <system-err><![CDATA[]]></system-err>
      </testcase>
      <system-out><![CDATA[2023-11-27 17:54:45 - [TEST_SUITE][PASSED] - PHP: Test Cases/SearchCase]]></system-out>
      <system-err><![CDATA[]]></system-err>
   </testsuite>
</testsuites>
