<?xml version="1.0" encoding="UTF-8"?>
<testsuites name="CuraAndDb" time="67.493" tests="4" failures="0" errors="0">
   <testsuite name="CuraAndDb" tests="4" failures="0" errors="0" time="67.493" skipped="0" timestamp="2023-11-27 19:12:52" hostname="Praveen Reddy - LAPTOP-FO4697CL" id="Test Suites/CuraAndDb">
      <properties>
         <property name="deviceName" value=""/>
         <property name="devicePlatform" value=""/>
         <property name="logFolder" value="C:\\Users\\phlv5\\Katalon Studio\\PHPTravel\\Reports\\20231127_191237\\CuraAndDb\\20231127_191238"/>
         <property name="logFiles" value="C:\\Users\\phlv5\\Katalon Studio\\PHPTravel\\Reports\\20231127_191237\\CuraAndDb\\20231127_191238\\execution0.log"/>
         <property name="attachments" value="C:\\Users\\phlv5\\Katalon Studio\\PHPTravel\\Reports\\20231127_191237\\CuraAndDb\\20231127_191238\\1701092589468.png, C:\\Users\\phlv5\\Katalon Studio\\PHPTravel\\Reports\\20231127_191237\\CuraAndDb\\20231127_191238\\1701092607531.png, C:\\Users\\phlv5\\Katalon Studio\\PHPTravel\\Reports\\20231127_191237\\CuraAndDb\\20231127_191238\\1701092621884.png, C:\\Users\\phlv5\\Katalon Studio\\PHPTravel\\Reports\\20231127_191237\\CuraAndDb\\20231127_191238\\1701092637867.png"/>
         <property name="hostName" value="Praveen Reddy - LAPTOP-FO4697CL"/>
         <property name="os" value="Windows 11 64bit"/>
         <property name="katalonVersion" value="8.6.8.208"/>
         <property name="browser" value="Chrome 119.0.0.0"/>
         <property name="hostAddress" value="192.168.108.65"/>
         <property name="sessionId" value="31eed881568609eab7ec5b03216fdf31"/>
         <property name="seleniumVersion" value="3.141.59"/>
         <property name="proxyInformation" value="ProxyInformation { proxyOption=NO_PROXY, proxyServerType=HTTP, username=, password=********, proxyServerAddress=, proxyServerPort=0, executionList=&quot;&quot;, isApplyToDesiredCapabilities=true }"/>
         <property name="platform" value="Windows 11"/>
      </properties>
      <testcase name="Test Cases/CompanySearchDB" time="21.625" classname="Test Cases/CompanySearchDB" status="PASSED">
         <system-out><![CDATA[2023-11-27 19:12:52 - [TEST_CASE][PASSED] - Test Cases/CompanySearchDB: Test Cases/CompanySearchDB

2023-11-27 19:12:52 - [TEST_STEP][PASSED] - openBrowser(""): Browser is opened with url: ''

2023-11-27 19:12:53 - [MESSAGE][INFO] - Starting 'Chrome' driver

2023-11-27 19:12:53 - [MESSAGE][INFO] - Action delay is set to 0 milliseconds

2023-11-27 19:12:55 - [MESSAGE][PASSED] - Browser is opened with url: ''

2023-11-27 19:12:55 - [TEST_STEP][PASSED] - navigateToUrl("https://computer-database.gatling.io/computers"): Navigate to 'https://computer-database.gatling.io/computers' successfully

2023-11-27 19:12:57 - [MESSAGE][PASSED] - Navigate to 'https://computer-database.gatling.io/computers' successfully

2023-11-27 19:12:57 - [TEST_STEP][PASSED] - maximizeWindow(): Current window maximized

2023-11-27 19:12:57 - [MESSAGE][PASSED] - Current window maximized

2023-11-27 19:12:57 - [TEST_STEP][PASSED] - setText(findTestObject("Object Repository/ComputerSearchBD/Page_Computers database/input_Computer database_f"), "HP"): Text 'HP' is set on object 'Object Repository/ComputerSearchBD/Page_Computers database/input_Computer database_f'

2023-11-27 19:12:58 - [MESSAGE][PASSED] - Text 'HP' is set on object 'Object Repository/ComputerSearchBD/Page_Computers database/input_Computer database_f'

2023-11-27 19:12:58 - [TEST_STEP][PASSED] - click(findTestObject("Object Repository/ComputerSearchBD/Page_Computers database/input_Computer database_searchsubmit")): Object: 'Object Repository/ComputerSearchBD/Page_Computers database/input_Computer database_searchsubmit' is clicked on

2023-11-27 19:12:59 - [MESSAGE][PASSED] - Object: 'Object Repository/ComputerSearchBD/Page_Computers database/input_Computer database_searchsubmit' is clicked on

2023-11-27 19:12:59 - [TEST_STEP][PASSED] - click(findTestObject("Object Repository/ComputerSearchBD/Page_Computers database/a_HP 2133 Mini-Note PC")): Object: 'Object Repository/ComputerSearchBD/Page_Computers database/a_HP 2133 Mini-Note PC' is clicked on

2023-11-27 19:13:01 - [MESSAGE][PASSED] - Object: 'Object Repository/ComputerSearchBD/Page_Computers database/a_HP 2133 Mini-Note PC' is clicked on

2023-11-27 19:13:01 - [TEST_STEP][PASSED] - selectOptionByValue(findTestObject("Object Repository/ComputerSearchBD/Page_Computers database/select_-- Choose a company --Apple Inc.Thin_aed4be"), "21", true): All options with value '21' are selected in object 'Object Repository/ComputerSearchBD/Page_Computers database/select_-- Choose a company --Apple Inc.Thin_aed4be'  using regular expression

2023-11-27 19:13:04 - [MESSAGE][PASSED] - All options with value '21' are selected in object 'Object Repository/ComputerSearchBD/Page_Computers database/select_-- Choose a company --Apple Inc.Thin_aed4be'  using regular expression

2023-11-27 19:13:04 - [TEST_STEP][PASSED] - selectOptionByValue(findTestObject("Object Repository/ComputerSearchBD/Page_Computers database/select_-- Choose a company --Apple Inc.Thin_aed4be"), "26", true): All options with value '26' are selected in object 'Object Repository/ComputerSearchBD/Page_Computers database/select_-- Choose a company --Apple Inc.Thin_aed4be'  using regular expression

2023-11-27 19:13:07 - [MESSAGE][PASSED] - All options with value '26' are selected in object 'Object Repository/ComputerSearchBD/Page_Computers database/select_-- Choose a company --Apple Inc.Thin_aed4be'  using regular expression

2023-11-27 19:13:07 - [TEST_STEP][PASSED] - click(findTestObject("Object Repository/ComputerSearchBD/Page_Computers database/input_or_btn primary")): Object: 'Object Repository/ComputerSearchBD/Page_Computers database/input_or_btn primary' is clicked on

2023-11-27 19:13:09 - [MESSAGE][PASSED] - Object: 'Object Repository/ComputerSearchBD/Page_Computers database/input_or_btn primary' is clicked on

2023-11-27 19:13:09 - [TEST_STEP][PASSED] - takeFullPageScreenshot(): Taking screenshot successfully

2023-11-27 19:13:10 - [MESSAGE][INFO] - 0 hidden object(s)

2023-11-27 19:13:11 - [MESSAGE][PASSED] - Taking screenshot successfully
[[ATTACHMENT|C:\\Users\\phlv5\\Katalon Studio\\PHPTravel\\Reports\\20231127_191237\\CuraAndDb\\20231127_191238\\1701092589468.png]]

2023-11-27 19:13:11 - [TEST_STEP][PASSED] - click(findTestObject("Object Repository/ComputerSearchBD/Page_Computers database/a_Computer database")): Object: 'Object Repository/ComputerSearchBD/Page_Computers database/a_Computer database' is clicked on

2023-11-27 19:13:13 - [MESSAGE][PASSED] - Object: 'Object Repository/ComputerSearchBD/Page_Computers database/a_Computer database' is clicked on

2023-11-27 19:13:13 - [TEST_STEP][PASSED] - closeBrowser(): Browser is closed

2023-11-27 19:13:14 - [MESSAGE][PASSED] - Browser is closed]]></system-out>
         <system-err><![CDATA[]]></system-err>
      </testcase>
      <testcase name="Test Cases/CuraHealthLogin" time="18.535" classname="Test Cases/CuraHealthLogin" status="PASSED">
         <system-out><![CDATA[2023-11-27 19:13:14 - [TEST_CASE][PASSED] - Test Cases/CuraHealthLogin: Test Cases/CuraHealthLogin

2023-11-27 19:13:14 - [TEST_STEP][PASSED] - openBrowser(""): Browser is opened with url: ''

2023-11-27 19:13:14 - [MESSAGE][INFO] - Starting 'Chrome' driver

2023-11-27 19:13:14 - [MESSAGE][INFO] - Action delay is set to 0 milliseconds

2023-11-27 19:13:16 - [MESSAGE][PASSED] - Browser is opened with url: ''

2023-11-27 19:13:16 - [TEST_STEP][PASSED] - navigateToUrl("https://katalon-demo-cura.herokuapp.com/"): Navigate to 'https://katalon-demo-cura.herokuapp.com/' successfully

2023-11-27 19:13:21 - [MESSAGE][PASSED] - Navigate to 'https://katalon-demo-cura.herokuapp.com/' successfully

2023-11-27 19:13:21 - [TEST_STEP][PASSED] - maximizeWindow(): Current window maximized

2023-11-27 19:13:22 - [MESSAGE][PASSED] - Current window maximized

2023-11-27 19:13:22 - [TEST_STEP][PASSED] - click(findTestObject("Object Repository/CuraHealth/Page_CURA Healthcare Service/i_CURA Healthcare_fa fa-bars")): Object: 'Object Repository/CuraHealth/Page_CURA Healthcare Service/i_CURA Healthcare_fa fa-bars' is clicked on

2023-11-27 19:13:22 - [MESSAGE][PASSED] - Object: 'Object Repository/CuraHealth/Page_CURA Healthcare Service/i_CURA Healthcare_fa fa-bars' is clicked on

2023-11-27 19:13:22 - [TEST_STEP][PASSED] - click(findTestObject("Object Repository/CuraHealth/Page_CURA Healthcare Service/a_Login")): Object: 'Object Repository/CuraHealth/Page_CURA Healthcare Service/a_Login' is clicked on

2023-11-27 19:13:24 - [MESSAGE][PASSED] - Object: 'Object Repository/CuraHealth/Page_CURA Healthcare Service/a_Login' is clicked on

2023-11-27 19:13:24 - [TEST_STEP][PASSED] - click(findTestObject("Object Repository/CuraHealth/Page_CURA Healthcare Service/input_Demo account_form-control")): Object: 'Object Repository/CuraHealth/Page_CURA Healthcare Service/input_Demo account_form-control' is clicked on

2023-11-27 19:13:25 - [MESSAGE][PASSED] - Object: 'Object Repository/CuraHealth/Page_CURA Healthcare Service/input_Demo account_form-control' is clicked on

2023-11-27 19:13:25 - [TEST_STEP][PASSED] - click(findTestObject("Object Repository/CuraHealth/Page_CURA Healthcare Service/input_Demo account_form-control_1")): Object: 'Object Repository/CuraHealth/Page_CURA Healthcare Service/input_Demo account_form-control_1' is clicked on

2023-11-27 19:13:25 - [MESSAGE][PASSED] - Object: 'Object Repository/CuraHealth/Page_CURA Healthcare Service/input_Demo account_form-control_1' is clicked on

2023-11-27 19:13:25 - [TEST_STEP][PASSED] - click(findTestObject("Object Repository/CuraHealth/Page_CURA Healthcare Service/button_Login")): Object: 'Object Repository/CuraHealth/Page_CURA Healthcare Service/button_Login' is clicked on

2023-11-27 19:13:26 - [MESSAGE][PASSED] - Object: 'Object Repository/CuraHealth/Page_CURA Healthcare Service/button_Login' is clicked on

2023-11-27 19:13:26 - [TEST_STEP][PASSED] - click(findTestObject("Object Repository/CuraHealth/Page_CURA Healthcare Service/p_Login failed Please ensure the username a_eb55b5")): Object: 'Object Repository/CuraHealth/Page_CURA Healthcare Service/p_Login failed Please ensure the username a_eb55b5' is clicked on

2023-11-27 19:13:27 - [MESSAGE][PASSED] - Object: 'Object Repository/CuraHealth/Page_CURA Healthcare Service/p_Login failed Please ensure the username a_eb55b5' is clicked on

2023-11-27 19:13:27 - [TEST_STEP][PASSED] - takeFullPageScreenshot(): Taking screenshot successfully

2023-11-27 19:13:29 - [MESSAGE][INFO] - 0 hidden object(s)

2023-11-27 19:13:30 - [MESSAGE][PASSED] - Taking screenshot successfully
[[ATTACHMENT|C:\\Users\\phlv5\\Katalon Studio\\PHPTravel\\Reports\\20231127_191237\\CuraAndDb\\20231127_191238\\1701092607531.png]]

2023-11-27 19:13:30 - [TEST_STEP][PASSED] - click(findTestObject("Object Repository/CuraHealth/Page_CURA Healthcare Service/a_CURA Healthcare_menu-toggle")): Object: 'Object Repository/CuraHealth/Page_CURA Healthcare Service/a_CURA Healthcare_menu-toggle' is clicked on

2023-11-27 19:13:31 - [MESSAGE][PASSED] - Object: 'Object Repository/CuraHealth/Page_CURA Healthcare Service/a_CURA Healthcare_menu-toggle' is clicked on

2023-11-27 19:13:31 - [TEST_STEP][PASSED] - click(findTestObject("Object Repository/CuraHealth/Page_CURA Healthcare Service/a_Home")): Object: 'Object Repository/CuraHealth/Page_CURA Healthcare Service/a_Home' is clicked on

2023-11-27 19:13:32 - [MESSAGE][PASSED] - Object: 'Object Repository/CuraHealth/Page_CURA Healthcare Service/a_Home' is clicked on]]></system-out>
         <system-err><![CDATA[]]></system-err>
      </testcase>
      <testcase name="Test Cases/LaptopSearchDB" time="16.546" classname="Test Cases/LaptopSearchDB" status="PASSED">
         <system-out><![CDATA[2023-11-27 19:13:32 - [TEST_CASE][PASSED] - Test Cases/LaptopSearchDB: Test Cases/LaptopSearchDB

2023-11-27 19:13:33 - [TEST_STEP][PASSED] - openBrowser(""): Browser is opened with url: ''

2023-11-27 19:13:33 - [MESSAGE][WARNING] - A browser is already opened. Closing browser and opening a new one

2023-11-27 19:13:34 - [MESSAGE][INFO] - Starting 'Chrome' driver

2023-11-27 19:13:34 - [MESSAGE][INFO] - Action delay is set to 0 milliseconds

2023-11-27 19:13:35 - [MESSAGE][PASSED] - Browser is opened with url: ''

2023-11-27 19:13:35 - [TEST_STEP][PASSED] - navigateToUrl("https://computer-database.gatling.io/computers"): Navigate to 'https://computer-database.gatling.io/computers' successfully

2023-11-27 19:13:37 - [MESSAGE][PASSED] - Navigate to 'https://computer-database.gatling.io/computers' successfully

2023-11-27 19:13:37 - [TEST_STEP][PASSED] - maximizeWindow(): Current window maximized

2023-11-27 19:13:37 - [MESSAGE][PASSED] - Current window maximized

2023-11-27 19:13:37 - [TEST_STEP][PASSED] - setText(findTestObject("Object Repository/LaptopSearchDB/Page_Computers database/input_Computer database_f"), "Del"): Text 'Del' is set on object 'Object Repository/LaptopSearchDB/Page_Computers database/input_Computer database_f'

2023-11-27 19:13:38 - [MESSAGE][PASSED] - Text 'Del' is set on object 'Object Repository/LaptopSearchDB/Page_Computers database/input_Computer database_f'

2023-11-27 19:13:38 - [TEST_STEP][PASSED] - click(findTestObject("Object Repository/LaptopSearchDB/Page_Computers database/input_Computer database_searchsubmit")): Object: 'Object Repository/LaptopSearchDB/Page_Computers database/input_Computer database_searchsubmit' is clicked on

2023-11-27 19:13:40 - [MESSAGE][PASSED] - Object: 'Object Repository/LaptopSearchDB/Page_Computers database/input_Computer database_searchsubmit' is clicked on

2023-11-27 19:13:40 - [TEST_STEP][PASSED] - click(findTestObject("Object Repository/LaptopSearchDB/Page_Computers database/a_Dell Inspiron 560 Desktop Computer")): Object: 'Object Repository/LaptopSearchDB/Page_Computers database/a_Dell Inspiron 560 Desktop Computer' is clicked on

2023-11-27 19:13:41 - [MESSAGE][PASSED] - Object: 'Object Repository/LaptopSearchDB/Page_Computers database/a_Dell Inspiron 560 Desktop Computer' is clicked on

2023-11-27 19:13:41 - [TEST_STEP][PASSED] - takeFullPageScreenshot(): Taking screenshot successfully

2023-11-27 19:13:42 - [MESSAGE][INFO] - 0 hidden object(s)

2023-11-27 19:13:42 - [MESSAGE][PASSED] - Taking screenshot successfully
[[ATTACHMENT|C:\\Users\\phlv5\\Katalon Studio\\PHPTravel\\Reports\\20231127_191237\\CuraAndDb\\20231127_191238\\1701092621884.png]]

2023-11-27 19:13:42 - [TEST_STEP][PASSED] - selectOptionByValue(findTestObject("Object Repository/LaptopSearchDB/Page_Computers database/select_-- Choose a company --Apple Inc.Thin_aed4be"), "13", true): All options with value '13' are selected in object 'Object Repository/LaptopSearchDB/Page_Computers database/select_-- Choose a company --Apple Inc.Thin_aed4be'  using regular expression

2023-11-27 19:13:45 - [MESSAGE][PASSED] - All options with value '13' are selected in object 'Object Repository/LaptopSearchDB/Page_Computers database/select_-- Choose a company --Apple Inc.Thin_aed4be'  using regular expression

2023-11-27 19:13:45 - [TEST_STEP][PASSED] - click(findTestObject("Object Repository/LaptopSearchDB/Page_Computers database/input_or_btn primary")): Object: 'Object Repository/LaptopSearchDB/Page_Computers database/input_or_btn primary' is clicked on

2023-11-27 19:13:47 - [MESSAGE][PASSED] - Object: 'Object Repository/LaptopSearchDB/Page_Computers database/input_or_btn primary' is clicked on

2023-11-27 19:13:47 - [TEST_STEP][PASSED] - click(findTestObject("Object Repository/LaptopSearchDB/Page_Computers database/a_Computer database")): Object: 'Object Repository/LaptopSearchDB/Page_Computers database/a_Computer database' is clicked on

2023-11-27 19:13:48 - [MESSAGE][PASSED] - Object: 'Object Repository/LaptopSearchDB/Page_Computers database/a_Computer database' is clicked on

2023-11-27 19:13:48 - [TEST_STEP][PASSED] - closeBrowser(): Browser is closed

2023-11-27 19:13:49 - [MESSAGE][PASSED] - Browser is closed]]></system-out>
         <system-err><![CDATA[]]></system-err>
      </testcase>
      <testcase name="Test Cases/LoginApplitools" time="10.475" classname="Test Cases/LoginApplitools" status="PASSED">
         <system-out><![CDATA[2023-11-27 19:13:49 - [TEST_CASE][PASSED] - Test Cases/LoginApplitools: Test Cases/LoginApplitools

2023-11-27 19:13:49 - [TEST_STEP][PASSED] - openBrowser(""): Browser is opened with url: ''

2023-11-27 19:13:49 - [MESSAGE][INFO] - Starting 'Chrome' driver

2023-11-27 19:13:49 - [MESSAGE][INFO] - Action delay is set to 0 milliseconds

2023-11-27 19:13:51 - [MESSAGE][PASSED] - Browser is opened with url: ''

2023-11-27 19:13:51 - [TEST_STEP][PASSED] - navigateToUrl("https://demo.applitools.com/"): Navigate to 'https://demo.applitools.com/' successfully

2023-11-27 19:13:53 - [MESSAGE][PASSED] - Navigate to 'https://demo.applitools.com/' successfully

2023-11-27 19:13:53 - [TEST_STEP][PASSED] - maximizeWindow(): Current window maximized

2023-11-27 19:13:53 - [MESSAGE][PASSED] - Current window maximized

2023-11-27 19:13:53 - [TEST_STEP][PASSED] - setText(findTestObject("Object Repository/ApplitetoolsLogin/Page_ACME Demo App by Applitools/input_Username_username"), "Test123"): Text 'Test123' is set on object 'Object Repository/ApplitetoolsLogin/Page_ACME Demo App by Applitools/input_Username_username'

2023-11-27 19:13:54 - [MESSAGE][PASSED] - Text 'Test123' is set on object 'Object Repository/ApplitetoolsLogin/Page_ACME Demo App by Applitools/input_Username_username'

2023-11-27 19:13:54 - [TEST_STEP][PASSED] - setEncryptedText(findTestObject("Object Repository/ApplitetoolsLogin/Page_ACME Demo App by Applitools/input_Password_password"), "cvW8qx4B2o3F4VwP/kNsqA=="): Text ****** has been set on object 'Object Repository/ApplitetoolsLogin/Page_ACME Demo App by Applitools/input_Password_password'

2023-11-27 19:13:55 - [MESSAGE][PASSED] - Text ****** has been set on object 'Object Repository/ApplitetoolsLogin/Page_ACME Demo App by Applitools/input_Password_password'

2023-11-27 19:13:55 - [TEST_STEP][PASSED] - click(findTestObject("Object Repository/ApplitetoolsLogin/Page_ACME Demo App by Applitools/a_Sign in")): Object: 'Object Repository/ApplitetoolsLogin/Page_ACME Demo App by Applitools/a_Sign in' is clicked on

2023-11-27 19:13:56 - [MESSAGE][PASSED] - Object: 'Object Repository/ApplitetoolsLogin/Page_ACME Demo App by Applitools/a_Sign in' is clicked on

2023-11-27 19:13:56 - [TEST_STEP][PASSED] - setText(findTestObject("Object Repository/ApplitetoolsLogin/Page_ACME demo app/input_text"), "Starbucks"): Text 'Starbucks' is set on object 'Object Repository/ApplitetoolsLogin/Page_ACME demo app/input_text'

2023-11-27 19:13:57 - [MESSAGE][PASSED] - Text 'Starbucks' is set on object 'Object Repository/ApplitetoolsLogin/Page_ACME demo app/input_text'

2023-11-27 19:13:57 - [TEST_STEP][PASSED] - sendKeys(findTestObject("Object Repository/ApplitetoolsLogin/Page_ACME demo app/input_text"), Keys.chord(ENTER)): Keys 'ENTER + ' sent to object: 'Object Repository/ApplitetoolsLogin/Page_ACME demo app/input_text'

2023-11-27 19:13:57 - [MESSAGE][PASSED] - Keys 'ENTER + ' sent to object: 'Object Repository/ApplitetoolsLogin/Page_ACME demo app/input_text'

2023-11-27 19:13:57 - [TEST_STEP][PASSED] - takeElementScreenshot(findTestObject("ApplitetoolsLogin/Page_ACME demo app/span_View Statement")): Taking screenshot successfully

2023-11-27 19:13:57 - [MESSAGE][WARNING] - Timeout '0' is invalid. Using default page load timeout: '30'

2023-11-27 19:13:58 - [MESSAGE][INFO] - 0 hidden object(s)

2023-11-27 19:13:58 - [MESSAGE][PASSED] - Taking screenshot successfully
[[ATTACHMENT|C:\\Users\\phlv5\\Katalon Studio\\PHPTravel\\Reports\\20231127_191237\\CuraAndDb\\20231127_191238\\1701092637867.png]]

2023-11-27 19:13:58 - [TEST_STEP][PASSED] - click(findTestObject("Object Repository/ApplitetoolsLogin/Page_ACME demo app/span_View Statement")): Object: 'Object Repository/ApplitetoolsLogin/Page_ACME demo app/span_View Statement' is clicked on

2023-11-27 19:13:58 - [MESSAGE][PASSED] - Object: 'Object Repository/ApplitetoolsLogin/Page_ACME demo app/span_View Statement' is clicked on

2023-11-27 19:13:59 - [TEST_STEP][PASSED] - closeBrowser(): Browser is closed

2023-11-27 19:13:59 - [MESSAGE][PASSED] - Browser is closed]]></system-out>
         <system-err><![CDATA[]]></system-err>
      </testcase>
      <system-out><![CDATA[2023-11-27 19:12:52 - [TEST_SUITE][PASSED] - CuraAndDb: Test Cases/LoginApplitools]]></system-out>
      <system-err><![CDATA[]]></system-err>
   </testsuite>
</testsuites>
